<?xml version="1.0" encoding="utf-8"?><testsuites name="pytest tests"><testsuite name="pytest" errors="0" failures="1" skipped="0" tests="20" time="21.306" timestamp="2026-04-26T05:39:35.892449+00:00" hostname="agent-env-49b8b0f6-a623-499c-8e9a-71a3b489ece5"><testcase classname="backend.tests.test_admin_inventory_iter22.TestUnauth" name="test_list_unauth" time="0.434" /><testcase classname="backend.tests.test_admin_inventory_iter22.TestUnauth" name="test_create_unauth" time="0.142" /><testcase classname="backend.tests.test_admin_inventory_iter22.TestUnauth" name="test_template_unauth" time="0.167" /><testcase classname="backend.tests.test_admin_inventory_iter22.TestUnauth" name="test_bulk_unauth" time="0.188" /><testcase classname="backend.tests.test_admin_inventory_iter22.TestUnauth" name="test_history_unauth" time="0.168" /><testcase classname="backend.tests.test_admin_inventory_iter22.TestList" name="test_list_default" time="2.632" /><testcase classname="backend.tests.test_admin_inventory_iter22.TestList" name="test_list_filter_source" time="0.229" /><testcase classname="backend.tests.test_admin_inventory_iter22.TestList" name="test_list_filter_status_active" time="0.225" /><testcase classname="backend.tests.test_admin_inventory_iter22.TestCreate" name="test_create_valid" time="1.135" /><testcase classname="backend.tests.test_admin_inventory_iter22.TestCreate" name="test_create_invalid_year" time="0.084" /><testcase classname="backend.tests.test_admin_inventory_iter22.TestCreate" name="test_create_duplicate_vin" time="0.741" /><testcase classname="backend.tests.test_admin_inventory_iter22.TestTemplate" name="test_template_csv" time="0.081" /><testcase classname="backend.tests.test_admin_inventory_iter22.TestBulk" name="test_bulk_upload_3_valid_2_invalid" time="0.817" /><testcase classname="backend.tests.test_admin_inventory_iter22.TestBulk" name="test_history_lists_batch" time="0.224" /><testcase classname="backend.tests.test_admin_inventory_iter22.TestUpdate" name="test_patch_partial" time="1.154" /><testcase classname="backend.tests.test_admin_inventory_iter22.TestUpdate" name="test_patch_unknown_id" time="0.225" /><testcase classname="backend.tests.test_admin_inventory_iter22.TestUpdate" name="test_deactivate_then_reactivate" time="2.679" /><testcase classname="backend.tests.test_admin_inventory_iter22.TestUpdate" name="test_delete_requires_confirmation" time="1.218" /><testcase classname="backend.tests.test_admin_inventory_iter22.TestImageUpload" name="test_image_upload" time="0.446" /><testcase classname="backend.tests.test_admin_inventory_iter22.TestBuyerSearch" name="test_manual_item_visible_in_buyer_search" time="8.222"><failure message="AssertionError: created item 2940158f-ec4c-48fb-81da-deb836572300 not found in buyer search results: []&#10;assert '2940158f-ec4c-48fb-81da-deb836572300' in []">backend/tests/test_admin_inventory_iter22.py:380: in test_manual_item_visible_in_buyer_search
    assert iid in ids, f"created item {iid} not found in buyer search results: {ids}"
E   AssertionError: created item 2940158f-ec4c-48fb-81da-deb836572300 not found in buyer search results: []
E   assert '2940158f-ec4c-48fb-81da-deb836572300' in []</failure></testcase></testsuite></testsuites>