<?xml version="1.0" encoding="utf-8"?><testsuites name="pytest tests"><testsuite name="pytest" errors="0" failures="0" skipped="1" tests="19" time="11.778" timestamp="2026-04-26T01:51:40.382585+00:00" hostname="agent-env-024be94d-042b-4f51-9ea4-47d8000edcf9"><testcase classname="backend.tests.test_iter13_buyer_journey" name="test_step01_buyer_signup" time="0.232" /><testcase classname="backend.tests.test_iter13_buyer_journey" name="test_step02_email_verify" time="0.337" /><testcase classname="backend.tests.test_iter13_buyer_journey" name="test_step03_onboarding_state" time="0.868" /><testcase classname="backend.tests.test_iter13_buyer_journey" name="test_step04_prequal_approved" time="0.618" /><testcase classname="backend.tests.test_iter13_buyer_journey" name="test_step05_financing_budget_cap" time="0.642"><skipped type="pytest.skip" message="No financing configurator endpoint exists. /api/buyer/deal/financing PATCH returned 404 (only saves path, no maxOtd cap enforced). BLOCKED.">/app/backend/tests/test_iter13_buyer_journey.py:180: No financing configurator endpoint exists. /api/buyer/deal/financing PATCH returned 404 (only saves path, no maxOtd cap enforced). BLOCKED.</skipped></testcase><testcase classname="backend.tests.test_iter13_buyer_journey" name="test_step06_search_budget_gating" time="0.611" /><testcase classname="backend.tests.test_iter13_buyer_journey" name="test_step07_shortlist_limit" time="0.624" /><testcase classname="backend.tests.test_iter13_buyer_journey" name="test_step08_deposit_create_intent" time="0.645" /><testcase classname="backend.tests.test_iter13_buyer_journey" name="test_step09_stripe_webhook" time="0.141" /><testcase classname="backend.tests.test_iter13_buyer_journey" name="test_step11_dealer_session" time="0.954" /><testcase classname="backend.tests.test_iter13_buyer_journey" name="test_step12_best_price_endpoint" time="0.700" /><testcase classname="backend.tests.test_iter13_buyer_journey" name="test_step14_plan_upgrade" time="0.465" /><testcase classname="backend.tests.test_iter13_buyer_journey" name="test_step15_insurance" time="0.761" /><testcase classname="backend.tests.test_iter13_buyer_journey" name="test_step16_contract_shield" time="0.703" /><testcase classname="backend.tests.test_iter13_buyer_journey" name="test_step17_esign_get_only" time="0.696" /><testcase classname="backend.tests.test_iter13_buyer_journey" name="test_step18_pickup_endpoint" time="0.695" /><testcase classname="backend.tests.test_iter13_buyer_journey" name="test_edge01_auction_close_cron" time="0.477" /><testcase classname="backend.tests.test_iter13_buyer_journey" name="test_edge03_vehicle_request_create" time="1.061" /><testcase classname="backend.tests.test_iter13_buyer_journey" name="test_edge04_plan_upgrade_idempotent" time="0.457" /></testsuite></testsuites>