<?xml version="1.0" encoding="utf-8"?><testsuites name="pytest tests"><testsuite name="pytest" errors="0" failures="0" skipped="0" tests="37" time="7.882" timestamp="2026-04-24T06:34:57.669830+00:00" hostname="agent-env-70b222b3-88fb-4e8f-a64a-8801254baa00"><testcase classname="backend.tests.test_iter10_activation.TestAL4UnauthGating" name="test_unauth_approve_redirects" time="0.281" /><testcase classname="backend.tests.test_iter10_activation.TestAL4UnauthGating" name="test_unauth_reject_redirects" time="0.188" /><testcase classname="backend.tests.test_iter10_activation.TestAL4UnauthGating" name="test_unauth_admin_affiliates_page_redirects" time="0.114" /><testcase classname="backend.tests.test_iter10_activation.TestAL1QueuePage" name="test_queue_page_source_has_four_tabs_and_actions" time="0.000" /><testcase classname="backend.tests.test_iter10_activation.TestAL1QueuePage" name="test_pending_affiliate_visible_in_queue_data" time="0.287" /><testcase classname="backend.tests.test_iter10_activation.TestAL2Approve" name="test_approve_returns_active_and_persists" time="1.518" /><testcase classname="backend.tests.test_iter10_activation.TestAL2Approve" name="test_approve_second_call_returns_409_already_active" time="0.396" /><testcase classname="backend.tests.test_iter10_activation.TestAL3Reject" name="test_reject_returns_rejected_and_persists" time="1.473" /><testcase classname="backend.tests.test_iter10_activation.TestAL3Reject" name="test_reject_second_call_returns_409_already_rejected" time="0.390" /><testcase classname="backend.tests.test_iter10_activation.TestAL5DashboardGating" name="test_dashboard_has_all_three_status_branches" time="0.000" /><testcase classname="backend.tests.test_iter10_activation.TestS31BuyerSettingsPage" name="test_settings_page_requires_auth" time="0.135" /><testcase classname="backend.tests.test_iter10_activation.TestS31BuyerSettingsPage" name="test_settings_page_source_has_required_testids_and_no_coming_soon" time="0.000" /><testcase classname="backend.tests.test_iter10_activation.TestS32S33BuyerSettingsApi" name="test_get_requires_auth" time="0.149" /><testcase classname="backend.tests.test_iter10_activation.TestS32S33BuyerSettingsApi" name="test_patch_requires_auth" time="0.152" /><testcase classname="backend.tests.test_iter10_activation.TestS32S33BuyerSettingsApi" name="test_buyer_preferences_table_schema_and_roundtrip" time="0.286" /><testcase classname="backend.tests.test_iter10_activation.TestS34BuyerProfilePage" name="test_profile_page_requires_auth" time="0.134" /><testcase classname="backend.tests.test_iter10_activation.TestS34BuyerProfilePage" name="test_profile_editor_testids_present" time="0.000" /><testcase classname="backend.tests.test_iter10_activation.TestS35BuyerProfilePatch" name="test_patch_requires_auth" time="0.145" /><testcase classname="backend.tests.test_iter10_activation.TestS36BuyerAccountDelete" name="test_delete_requires_auth" time="0.132" /><testcase classname="backend.tests.test_iter10_activation.TestS36BuyerAccountDelete" name="test_account_route_logic_blocks_active_deal" time="0.000" /><testcase classname="backend.tests.test_iter10_activation" name="test_s41_sidebar_link_unauth_redirects_no_404[/buyer/dashboard]" time="0.107" /><testcase classname="backend.tests.test_iter10_activation" name="test_s41_sidebar_link_unauth_redirects_no_404[/buyer/prequal]" time="0.101" /><testcase classname="backend.tests.test_iter10_activation" name="test_s41_sidebar_link_unauth_redirects_no_404[/buyer/search]" time="0.104" /><testcase classname="backend.tests.test_iter10_activation" name="test_s41_sidebar_link_unauth_redirects_no_404[/buyer/shortlist]" time="0.106" /><testcase classname="backend.tests.test_iter10_activation" name="test_s41_sidebar_link_unauth_redirects_no_404[/buyer/auctions]" time="0.105" /><testcase classname="backend.tests.test_iter10_activation" name="test_s41_sidebar_link_unauth_redirects_no_404[/buyer/deal]" time="0.104" /><testcase classname="backend.tests.test_iter10_activation" name="test_s41_sidebar_link_unauth_redirects_no_404[/buyer/deal/financing]" time="0.107" /><testcase classname="backend.tests.test_iter10_activation" name="test_s41_sidebar_link_unauth_redirects_no_404[/buyer/contract-shield]" time="0.103" /><testcase classname="backend.tests.test_iter10_activation" name="test_s41_sidebar_link_unauth_redirects_no_404[/buyer/esign]" time="0.109" /><testcase classname="backend.tests.test_iter10_activation" name="test_s41_sidebar_link_unauth_redirects_no_404[/buyer/pickup]" time="0.110" /><testcase classname="backend.tests.test_iter10_activation" name="test_s41_sidebar_link_unauth_redirects_no_404[/buyer/requests]" time="0.105" /><testcase classname="backend.tests.test_iter10_activation" name="test_s41_sidebar_link_unauth_redirects_no_404[/buyer/notifications]" time="0.106" /><testcase classname="backend.tests.test_iter10_activation" name="test_s41_sidebar_link_unauth_redirects_no_404[/buyer/messages]" time="0.108" /><testcase classname="backend.tests.test_iter10_activation" name="test_s41_sidebar_link_unauth_redirects_no_404[/buyer/documents]" time="0.106" /><testcase classname="backend.tests.test_iter10_activation" name="test_s41_sidebar_link_unauth_redirects_no_404[/buyer/profile]" time="0.115" /><testcase classname="backend.tests.test_iter10_activation" name="test_s41_sidebar_link_unauth_redirects_no_404[/buyer/settings]" time="0.105" /><testcase classname="backend.tests.test_iter10_activation" name="test_zz_restore_pending_states" time="0.276" /></testsuite></testsuites>