<?xml version="1.0" encoding="utf-8"?><testsuites name="pytest tests"><testsuite name="pytest" errors="0" failures="0" skipped="0" tests="25" time="28.772" timestamp="2026-04-26T03:18:16.418372+00:00" hostname="agent-env-024be94d-042b-4f51-9ea4-47d8000edcf9"><testcase classname="test_iter18_dealer_journey" name="test_step1_public_dealer_application" time="0.817" /><testcase classname="test_iter18_dealer_journey" name="test_step2_admin_approve_captures_temp_password" time="3.553" /><testcase classname="test_iter18_dealer_journey" name="test_step3_dealer_signin_with_temp_password" time="0.567" /><testcase classname="test_iter18_dealer_journey" name="test_step4_set_password_positive" time="1.222" /><testcase classname="test_iter18_dealer_journey" name="test_step6a_add_vehicle_valid" time="1.003" /><testcase classname="test_iter18_dealer_journey" name="test_step6b_duplicate_vin_returns_409" time="0.436" /><testcase classname="test_iter18_dealer_journey" name="test_step6c_extraneous_field_should_not_500" time="0.431" /><testcase classname="test_iter18_dealer_journey" name="test_step6d_missing_vin_returns_422" time="0.289" /><testcase classname="test_iter17_dealer_journey" name="test_step1_dealer_application" time="0.822" /><testcase classname="test_iter17_dealer_journey" name="test_step6_add_vehicle" time="1.387" /><testcase classname="test_iter17_dealer_journey" name="test_step5_onboarding_get" time="0.079" /><testcase classname="test_iter17_dealer_journey" name="test_step7_admin_dealer_invited" time="4.284" /><testcase classname="test_iter17_dealer_journey" name="test_step18_notifications_list" time="0.582" /><testcase classname="test_iter17_dealer_journey" name="test_step18_mark_one_read" time="0.955" /><testcase classname="test_iter17_dealer_journey" name="test_step18_mark_all_read" time="1.021" /><testcase classname="test_iter17_dealer_journey" name="test_step17_send_message" time="0.884" /><testcase classname="test_iter17_dealer_journey" name="test_step14_scorecard" time="1.660" /><testcase classname="test_iter17_dealer_journey" name="test_step19_leads" time="0.513" /><testcase classname="test_iter17_dealer_journey" name="test_step8_submit_offer" time="1.174" /><testcase classname="test_iter17_dealer_journey" name="test_step9_revise_offer" time="0.218" /><testcase classname="test_iter17_dealer_journey" name="test_step10_contract_upload" time="1.485" /><testcase classname="test_iter17_dealer_journey" name="test_step11_contract_shield_fail" time="2.811" /><testcase classname="test_iter17_dealer_journey" name="test_step12_contract_shield_pass" time="1.621" /><testcase classname="test_iter17_dealer_journey" name="test_step13_pickup_scan_invalid" time="0.484" /><testcase classname="test_iter17_dealer_journey" name="test_step4_set_password_endpoint_exists" time="0.400" /></testsuite></testsuites>