<?xml version="1.0" encoding="utf-8"?><testsuites name="pytest tests"><testsuite name="pytest" errors="0" failures="0" skipped="2" tests="51" time="128.051" timestamp="2026-04-26T04:03:53.464776+00:00" hostname="agent-env-49b8b0f6-a623-499c-8e9a-71a3b489ece5"><testcase classname="backend.tests.test_iter19_affiliate_admin.TestAF01Register" name="test_af01_register_new_affiliate" time="1.282" /><testcase classname="backend.tests.test_iter19_affiliate_admin.TestAF02VerificationEmail" name="test_af02_register_response_indicates_email_sent" time="1.158" /><testcase classname="backend.tests.test_iter19_affiliate_admin.TestAF03AdminApprovesAffiliate" name="test_af03_admin_approves_affiliate" time="3.339" /><testcase classname="backend.tests.test_iter19_affiliate_admin.TestAF04ActivationEmail" name="test_af04_approve_response_contains_referral_code" time="3.371" /><testcase classname="backend.tests.test_iter19_affiliate_admin.TestAF05AffiliateSigning" name="test_af05_supabase_signin_returns_access_token" time="0.206" /><testcase classname="backend.tests.test_iter19_affiliate_admin.TestAF06ReferralCodeDashboard" name="test_af06_affiliate_commissions_accessible" time="0.791" /><testcase classname="backend.tests.test_iter19_affiliate_admin.TestAF06ReferralCodeDashboard" name="test_af06_affiliate_earnings_accessible" time="0.778" /><testcase classname="backend.tests.test_iter19_affiliate_admin.TestAF09AttributionCookie" name="test_af09_ref_param_sets_affiliate_cookie" time="0.499" /><testcase classname="backend.tests.test_iter19_affiliate_admin.TestAF10CommissionCron" name="test_af10_commission_rates_constant" time="0.000" /><testcase classname="backend.tests.test_iter19_affiliate_admin.TestAF10CommissionCron" name="test_af10_cron_affiliates_returns_200" time="0.365" /><testcase classname="backend.tests.test_iter19_affiliate_admin.TestAF11Earnings" name="test_af11_earnings_endpoint" time="0.758" /><testcase classname="backend.tests.test_iter19_affiliate_admin.TestAF12Payouts" name="test_af12_get_payouts" time="0.767" /><testcase classname="backend.tests.test_iter19_affiliate_admin.TestAF12Payouts" name="test_af12_post_payout_request" time="0.742" /><testcase classname="backend.tests.test_iter19_affiliate_admin.TestAF13Network" name="test_af13_network_api" time="1.085" /><testcase classname="backend.tests.test_iter19_affiliate_admin.TestAF15DigestCron" name="test_af15_digest_cron" time="9.416" /><testcase classname="backend.tests.test_iter19_affiliate_admin.TestAF16Settings" name="test_af16_get_settings" time="0.840" /><testcase classname="backend.tests.test_iter19_affiliate_admin.TestAF16Settings" name="test_af16_patch_settings" time="1.260" /><testcase classname="backend.tests.test_iter19_affiliate_admin.TestAF17Notifications" name="test_af17_get_notifications" time="0.903" /><testcase classname="backend.tests.test_iter19_affiliate_admin.TestAF17Notifications" name="test_af17_mark_all_read" time="0.738" /><testcase classname="backend.tests.test_iter19_affiliate_admin.TestAF17Notifications" name="test_af17_mark_single_read" time="0.195"><skipped type="pytest.skip" message="No notifications to mark read">/app/backend/tests/test_iter19_affiliate_admin.py:406: No notifications to mark read</skipped></testcase><testcase classname="backend.tests.test_iter19_affiliate_admin.TestAD01AdminSignin" name="test_ad01_admin_signin_mfa" time="2.148" /><testcase classname="backend.tests.test_iter19_affiliate_admin.TestAD03CreateUsers" name="test_ad03_create_buyer" time="3.228" /><testcase classname="backend.tests.test_iter19_affiliate_admin.TestAD03CreateUsers" name="test_ad04_create_dealer" time="3.084" /><testcase classname="backend.tests.test_iter19_affiliate_admin.TestAD03CreateUsers" name="test_ad05_create_affiliate" time="3.251" /><testcase classname="backend.tests.test_iter19_affiliate_admin.TestAD06DealerInvite" name="test_ad06_dealer_invite" time="2.787" /><testcase classname="backend.tests.test_iter19_affiliate_admin.TestAD07DealerClaimInvite" name="test_ad07_claim_invite_page_accessible" time="0.164" /><testcase classname="backend.tests.test_iter19_affiliate_admin.TestAD08ApprovePendingDealer" name="test_ad08_approve_dealer" time="3.444" /><testcase classname="backend.tests.test_iter19_affiliate_admin.TestAD09ApprovePendingAffiliate" name="test_ad09_affiliates_list_and_approve" time="2.411" /><testcase classname="backend.tests.test_iter19_affiliate_admin.TestAD10DealSupervision" name="test_ad10_deals_list" time="2.556" /><testcase classname="backend.tests.test_iter19_affiliate_admin.TestAD10DealSupervision" name="test_ad10_deal_detail" time="2.899" /><testcase classname="backend.tests.test_iter19_affiliate_admin.TestAD11AdvanceDealStage" name="test_ad11_advance_deal_stage" time="2.838" /><testcase classname="backend.tests.test_iter19_affiliate_admin.TestAD12ContractShieldOverride" name="test_ad12_contract_shield_override" time="2.892" /><testcase classname="backend.tests.test_iter19_affiliate_admin.TestAD13StripeRefund" name="test_ad13_refund_action" time="2.835" /><testcase classname="backend.tests.test_iter19_affiliate_admin.TestAD14Impersonate" name="test_ad14_impersonate" time="2.352" /><testcase classname="backend.tests.test_iter19_affiliate_admin.TestAD15ExceptionQueues" name="test_ad15_get_all_queues" time="3.810" /><testcase classname="backend.tests.test_iter19_affiliate_admin.TestAD15ExceptionQueues" name="test_ad15_resolve_all_queues" time="4.921" /><testcase classname="backend.tests.test_iter19_affiliate_admin.TestAD16FaithContent" name="test_ad16_faith_assignments_get" time="2.400" /><testcase classname="backend.tests.test_iter19_affiliate_admin.TestAD16FaithContent" name="test_ad16_faith_assignment_post" time="2.435" /><testcase classname="backend.tests.test_iter19_affiliate_admin.TestAD17Testimonials" name="test_ad17_list_testimonials" time="2.315" /><testcase classname="backend.tests.test_iter19_affiliate_admin.TestAD17Testimonials" name="test_ad17_approve_testimonial" time="0.000"><skipped type="pytest.skip" message="No testimonials to approve">/app/backend/tests/test_iter19_affiliate_admin.py:751: No testimonials to approve</skipped></testcase><testcase classname="backend.tests.test_iter19_affiliate_admin.TestAD18BPEWeights" name="test_ad18_get_bpe_weights" time="2.364" /><testcase classname="backend.tests.test_iter19_affiliate_admin.TestAD18BPEWeights" name="test_ad18_patch_bpe_weights" time="2.481" /><testcase classname="backend.tests.test_iter19_affiliate_admin.TestAD19Inventory" name="test_ad19_inventory_search" time="2.455" /><testcase classname="backend.tests.test_iter19_affiliate_admin.TestAD19Inventory" name="test_ad19_inventory_add" time="2.681" /><testcase classname="backend.tests.test_iter19_affiliate_admin.TestAD20RefinanceLeads" name="test_ad20_refinance_leads" time="2.349" /><testcase classname="backend.tests.test_iter19_affiliate_admin.TestAD20RefinanceLeads" name="test_ad20_refinance_leads_csv" time="2.434" /><testcase classname="backend.tests.test_iter19_affiliate_admin.TestAD21SystemHealth" name="test_ad21_health_api" time="2.691" /><testcase classname="backend.tests.test_iter19_affiliate_admin.TestAD23Reports" name="test_ad23_funnel_report" time="2.495" /><testcase classname="backend.tests.test_iter19_affiliate_admin.TestAD23Reports" name="test_ad23_affiliate_report" time="2.451" /><testcase classname="backend.tests.test_iter19_affiliate_admin.TestAD23Reports" name="test_ad23_risk_report" time="2.278" /><testcase classname="backend.tests.test_iter19_affiliate_admin.TestAD24AllCrons" name="test_ad24_all_crons_return_200" time="22.020" /></testsuite></testsuites>