<?xml version="1.0" encoding="utf-8"?><testsuites name="pytest tests"><testsuite name="pytest" errors="0" failures="0" skipped="0" tests="15" time="3.076" timestamp="2026-04-24T04:22:28.449481+00:00" hostname="agent-env-70b222b3-88fb-4e8f-a64a-8801254baa00"><testcase classname="backend.tests.test_plan_upgrade.TestPlanUpgradeAPI" name="test_upgrade_returns_401_without_auth_with_csrf" time="0.219" /><testcase classname="backend.tests.test_plan_upgrade.TestPlanUpgradeAPI" name="test_upgrade_returns_403_without_csrf" time="0.135" /><testcase classname="backend.tests.test_plan_upgrade.TestPlanUpgradeAPI" name="test_upgrade_401_response_has_error_body" time="0.164" /><testcase classname="backend.tests.test_plan_upgrade.TestPlanUpgradeAPI" name="test_upgrade_405_for_get_method" time="0.148" /><testcase classname="backend.tests.test_plan_upgrade.TestAffiliateRegisterPage" name="test_affiliate_register_page_loads_200" time="0.153" /><testcase classname="backend.tests.test_plan_upgrade.TestAffiliateRegisterPage" name="test_affiliate_register_page_has_form" time="0.156" /><testcase classname="backend.tests.test_plan_upgrade.TestAffiliateRegisterPage" name="test_affiliate_register_no_auth_probe" time="0.165" /><testcase classname="backend.tests.test_plan_upgrade.TestDealerSidebarTheme" name="test_dealer_signin_page_loads" time="0.148" /><testcase classname="backend.tests.test_plan_upgrade.TestDealerSidebarTheme" name="test_dealer_signin_does_not_redirect_to_auth" time="0.144" /><testcase classname="backend.tests.test_plan_upgrade.TestPublicPages" name="test_home_page_loads" time="0.587" /><testcase classname="backend.tests.test_plan_upgrade.TestPublicPages" name="test_affiliate_register_page_loads" time="0.154" /><testcase classname="backend.tests.test_plan_upgrade.TestPublicPages" name="test_for_affiliates_page_loads" time="0.484" /><testcase classname="backend.tests.test_plan_upgrade.TestBuyerPortalRequiresAuth" name="test_buyer_dashboard_requires_auth" time="0.109" /><testcase classname="backend.tests.test_plan_upgrade.TestBuyerPortalRequiresAuth" name="test_buyer_profile_requires_auth" time="0.114" /><testcase classname="backend.tests.test_plan_upgrade.TestBuyerPortalRequiresAuth" name="test_buyer_dashboard_redirect_target" time="0.120" /></testsuite></testsuites>