<?xml version="1.0" encoding="utf-8"?><testsuites name="pytest tests"><testsuite name="pytest" errors="0" failures="3" skipped="1" tests="17" time="19.032" timestamp="2026-04-26T02:13:29.074316+00:00" hostname="agent-env-024be94d-042b-4f51-9ea4-47d8000edcf9"><testcase classname="backend.tests.test_iter14_buyer_journey" name="test_step04_prequal" time="1.124" /><testcase classname="backend.tests.test_iter14_buyer_journey" name="test_step05_financing_within_cap" time="1.084" /><testcase classname="backend.tests.test_iter14_buyer_journey" name="test_step05_financing_over_cap" time="0.449" /><testcase classname="backend.tests.test_iter14_buyer_journey" name="test_step05_financing_ignores_client_cap" time="0.450" /><testcase classname="backend.tests.test_iter14_buyer_journey" name="test_step06_search_budget" time="0.709" /><testcase classname="backend.tests.test_iter14_buyer_journey" name="test_step08_deposit_sandbox_mock" time="1.147" /><testcase classname="backend.tests.test_iter14_buyer_journey" name="test_step09_stripe_webhook" time="0.315" /><testcase classname="backend.tests.test_iter14_buyer_journey" name="test_step11_dealer_offers" time="1.208" /><testcase classname="backend.tests.test_iter14_buyer_journey" name="test_step12_best_price" time="2.314"><failure message="AssertionError: 400: {&quot;error&quot;:{&quot;code&quot;:&quot;AUCTION_NOT_CLOSED&quot;,&quot;message&quot;:&quot;Offers not yet available&quot;},&quot;correlationId&quot;:&quot;49b5b7e5-286f-4af9-b3a1-b7a5e697298c&quot;}&#10;assert 400 == 200&#10; +  where 400 = &lt;Response [400]&gt;.status_code">backend/tests/test_iter14_buyer_journey.py:165: in test_step12_best_price
    assert r.status_code == 200, f"{r.status_code}: {r.text[:300]}"
E   AssertionError: 400: {"error":{"code":"AUCTION_NOT_CLOSED","message":"Offers not yet available"},"correlationId":"49b5b7e5-286f-4af9-b3a1-b7a5e697298c"}
E   assert 400 == 200
E    +  where 400 = &lt;Response [400]&gt;.status_code</failure></testcase><testcase classname="backend.tests.test_iter14_buyer_journey" name="test_step16_contract_shield_mock" time="1.736" /><testcase classname="backend.tests.test_iter14_buyer_journey" name="test_step16_contract_shield_with_text" time="1.253"><failure message="AssertionError: assert (100 &lt; 88 or 0 &gt; 0)&#10; +  where 100 = &lt;built-in method get of dict object at 0xfebd82ea9300&gt;('score')&#10; +    where &lt;built-in method get of dict object at 0xfebd82ea9300&gt; = {'dealId': 'd0b311e7-2401-4f2f-967f-8083b7e423ca', 'fixList': [], 'score': 100, 'status': 'PASS'}.get&#10; +  and   0 = len(([] or []))&#10; +    where [] = &lt;built-in method get of dict object at 0xfebd82ea9300&gt;('fixList')&#10; +      where &lt;built-in method get of dict object at 0xfebd82ea9300&gt; = {'dealId': 'd0b311e7-2401-4f2f-967f-8083b7e423ca', 'fixList': [], 'score': 100, 'status': 'PASS'}.get">backend/tests/test_iter14_buyer_journey.py:191: in test_step16_contract_shield_with_text
    assert d.get("score") &lt; 88 or len(d.get("fixList") or []) &gt; 0
E   AssertionError: assert (100 &lt; 88 or 0 &gt; 0)
E    +  where 100 = &lt;built-in method get of dict object at 0xfebd82ea9300&gt;('score')
E    +    where &lt;built-in method get of dict object at 0xfebd82ea9300&gt; = {'dealId': 'd0b311e7-2401-4f2f-967f-8083b7e423ca', 'fixList': [], 'score': 100, 'status': 'PASS'}.get
E    +  and   0 = len(([] or []))
E    +    where [] = &lt;built-in method get of dict object at 0xfebd82ea9300&gt;('fixList')
E    +      where &lt;built-in method get of dict object at 0xfebd82ea9300&gt; = {'dealId': 'd0b311e7-2401-4f2f-967f-8083b7e423ca', 'fixList': [], 'score': 100, 'status': 'PASS'}.get</failure></testcase><testcase classname="backend.tests.test_iter14_buyer_journey" name="test_step17_esign_mock" time="1.591" /><testcase classname="backend.tests.test_iter14_buyer_journey" name="test_step18_pickup_qr" time="1.534" /><testcase classname="backend.tests.test_iter14_buyer_journey" name="test_step19_dealer_scan_qr" time="0.847"><skipped type="pytest.skip" message="BLOCKED — no dealer pickup-scan endpoint exists in /api/dealer/*">/app/backend/tests/test_iter14_buyer_journey.py:225: BLOCKED — no dealer pickup-scan endpoint exists in /api/dealer/*</skipped></testcase><testcase classname="backend.tests.test_iter14_buyer_journey" name="test_step20_receipt" time="1.230"><failure message="AssertionError: 404: {&quot;error&quot;:{&quot;code&quot;:&quot;NOT_FOUND&quot;,&quot;message&quot;:&quot;Completed deal not found&quot;},&quot;correlationId&quot;:&quot;cd3d877b-1b55-4199-b561-68cd6ae1881c&quot;}&#10;assert 404 == 200&#10; +  where 404 = &lt;Response [404]&gt;.status_code">backend/tests/test_iter14_buyer_journey.py:232: in test_step20_receipt
    assert r.status_code == 200, f"{r.status_code}: {r.text[:300]}"
E   AssertionError: 404: {"error":{"code":"NOT_FOUND","message":"Completed deal not found"},"correlationId":"cd3d877b-1b55-4199-b561-68cd6ae1881c"}
E   assert 404 == 200
E    +  where 404 = &lt;Response [404]&gt;.status_code</failure></testcase><testcase classname="backend.tests.test_iter14_buyer_journey" name="test_edge01_auction_close_cron" time="0.621" /><testcase classname="backend.tests.test_iter14_buyer_journey" name="test_edge04_plan_upgrade_idempotent" time="1.294" /></testsuite></testsuites>