<?xml version="1.0" encoding="utf-8"?><testsuites name="pytest tests"><testsuite name="pytest" errors="0" failures="0" skipped="0" tests="9" time="3.108" timestamp="2026-04-26T06:45:27.611577+00:00" hostname="agent-env-49b8b0f6-a623-499c-8e9a-71a3b489ece5"><testcase classname="backend.tests.test_iter25_fixes.TestFix1ShortlistAuthGate" name="test_shortlist_post_anon_401" time="0.224" /><testcase classname="backend.tests.test_iter25_fixes.TestFix2FeaturesFilter" name="test_inventory_filter_sunroof" time="0.259" /><testcase classname="backend.tests.test_iter25_fixes.TestFix2FeaturesFilter" name="test_inventory_filter_sunroof_heated" time="0.299" /><testcase classname="backend.tests.test_iter25_fixes.TestFix2FeaturesFilter" name="test_inventory_filter_three_features" time="0.235" /><testcase classname="backend.tests.test_iter25_fixes.TestFix2FeaturesFilter" name="test_inventory_no_filter_baseline" time="0.228" /><testcase classname="backend.tests.test_iter25_fixes.TestFix2FeaturesFilter" name="test_returned_items_have_features_field" time="0.228" /><testcase classname="backend.tests.test_iter25_fixes.TestFix3CoordsBackfill" name="test_all_129_have_lat_lon" time="0.846" /><testcase classname="backend.tests.test_iter25_fixes.TestFix3CoordsBackfill" name="test_geo_search_3000mi_returns_all" time="0.268" /><testcase classname="backend.tests.test_iter25_fixes.TestFix3CoordsBackfill" name="test_atlanta_vs_seattle_distinct" time="0.449" /></testsuite></testsuites>