<?xml version="1.0" encoding="utf-8"?><testsuites name="pytest tests"><testsuite name="pytest" errors="0" failures="0" skipped="0" tests="18" time="17.276" timestamp="2026-04-26T02:28:04.296762+00:00" hostname="agent-env-024be94d-042b-4f51-9ea4-47d8000edcf9"><testcase classname="backend.tests.test_iter15_buyer_journey" name="test_journey_status_200" time="1.554" /><testcase classname="backend.tests.test_iter15_buyer_journey" name="test_step05_financing_within_cap" time="0.958" /><testcase classname="backend.tests.test_iter15_buyer_journey" name="test_step05_financing_over_cap" time="0.491" /><testcase classname="backend.tests.test_iter15_buyer_journey" name="test_step06_search_budget" time="0.680" /><testcase classname="backend.tests.test_iter15_buyer_journey" name="test_step08_deposit" time="0.681" /><testcase classname="backend.tests.test_iter15_buyer_journey" name="test_step09_stripe_webhook" time="0.190" /><testcase classname="backend.tests.test_iter15_buyer_journey" name="test_step11_dealer_offers" time="1.439" /><testcase classname="backend.tests.test_iter15_buyer_journey" name="test_step12_best_price_active" time="0.807" /><testcase classname="backend.tests.test_iter15_buyer_journey" name="test_step16_contract_shield_mock" time="1.235" /><testcase classname="backend.tests.test_iter15_buyer_journey" name="test_step16_contract_shield_with_text" time="2.425" /><testcase classname="backend.tests.test_iter15_buyer_journey" name="test_step17_esign" time="1.069" /><testcase classname="backend.tests.test_iter15_buyer_journey" name="test_step18_pickup_qr" time="0.918" /><testcase classname="backend.tests.test_iter15_buyer_journey" name="test_step19a_invalid_token" time="0.444" /><testcase classname="backend.tests.test_iter15_buyer_journey" name="test_step19b_dealer_scan_success" time="0.958" /><testcase classname="backend.tests.test_iter15_buyer_journey" name="test_step19c_already_scanned" time="0.681" /><testcase classname="backend.tests.test_iter15_buyer_journey" name="test_step20_receipt" time="0.834" /><testcase classname="backend.tests.test_iter15_buyer_journey" name="test_edge01_auction_close_cron" time="0.530" /><testcase classname="backend.tests.test_iter15_buyer_journey" name="test_edge04_plan_upgrade_idempotent" time="1.288" /></testsuite></testsuites>