<?xml version="1.0" encoding="utf-8"?><testsuites name="pytest tests"><testsuite name="pytest" errors="0" failures="0" skipped="0" tests="16" time="3.257" timestamp="2026-04-24T04:34:40.235791+00:00" hostname="agent-env-70b222b3-88fb-4e8f-a64a-8801254baa00"><testcase classname="backend.tests.test_plan_upgrade.TestPlanUpgradeAPI" name="test_upgrade_returns_401_without_auth_with_csrf" time="0.183" /><testcase classname="backend.tests.test_plan_upgrade.TestPlanUpgradeAPI" name="test_upgrade_returns_401_without_csrf_csrf_fix_verified" time="0.169" /><testcase classname="backend.tests.test_plan_upgrade.TestPlanUpgradeAPI" name="test_prequal_returns_401_without_csrf_csrf_fix_verified" time="0.306" /><testcase classname="backend.tests.test_plan_upgrade.TestPlanUpgradeAPI" name="test_upgrade_401_response_has_error_body" time="0.135" /><testcase classname="backend.tests.test_plan_upgrade.TestPlanUpgradeAPI" name="test_upgrade_405_for_get_method" time="0.144" /><testcase classname="backend.tests.test_plan_upgrade.TestAffiliateRegisterPage" name="test_affiliate_register_page_loads_200" time="0.152" /><testcase classname="backend.tests.test_plan_upgrade.TestAffiliateRegisterPage" name="test_affiliate_register_page_has_form" time="0.164" /><testcase classname="backend.tests.test_plan_upgrade.TestAffiliateRegisterPage" name="test_affiliate_register_no_auth_probe" time="0.154" /><testcase classname="backend.tests.test_plan_upgrade.TestDealerSidebarTheme" name="test_dealer_signin_page_loads" time="0.145" /><testcase classname="backend.tests.test_plan_upgrade.TestDealerSidebarTheme" name="test_dealer_signin_does_not_redirect_to_auth" time="0.133" /><testcase classname="backend.tests.test_plan_upgrade.TestPublicPages" name="test_home_page_loads" time="0.585" /><testcase classname="backend.tests.test_plan_upgrade.TestPublicPages" name="test_affiliate_register_page_loads" time="0.142" /><testcase classname="backend.tests.test_plan_upgrade.TestPublicPages" name="test_for_affiliates_page_loads" time="0.452" /><testcase classname="backend.tests.test_plan_upgrade.TestBuyerPortalRequiresAuth" name="test_buyer_dashboard_requires_auth" time="0.116" /><testcase classname="backend.tests.test_plan_upgrade.TestBuyerPortalRequiresAuth" name="test_buyer_profile_requires_auth" time="0.101" /><testcase classname="backend.tests.test_plan_upgrade.TestBuyerPortalRequiresAuth" name="test_buyer_dashboard_redirect_target" time="0.104" /></testsuite></testsuites>