<?xml version="1.0" encoding="utf-8"?><testsuites name="pytest tests"><testsuite name="pytest" errors="0" failures="1" skipped="0" tests="15" time="4.659" timestamp="2026-04-24T03:27:16.811569+00:00" hostname="agent-env-38dbada7-b53b-44ea-984b-33e4bfe8886d"><testcase classname="backend.tests.test_refinance_lead_referral" name="test_submit_qualified_returns_cuid_lead" time="0.501" /><testcase classname="backend.tests.test_refinance_lead_referral" name="test_submit_ineligible_low_balance" time="0.440" /><testcase classname="backend.tests.test_refinance_lead_referral" name="test_submit_excluded_state_nh_returns_422" time="0.156" /><testcase classname="backend.tests.test_refinance_lead_referral" name="test_submit_invalid_payload_returns_400" time="0.154" /><testcase classname="backend.tests.test_refinance_lead_referral" name="test_redirect_unknown_lead_returns_404" time="0.295" /><testcase classname="backend.tests.test_refinance_lead_referral" name="test_redirect_qualified_returns_exact_partner_url" time="0.839" /><testcase classname="backend.tests.test_refinance_lead_referral" name="test_deleted_admin_pages_have_no_ui[/admin/refinance/applications]" time="0.202" /><testcase classname="backend.tests.test_refinance_lead_referral" name="test_deleted_admin_pages_have_no_ui[/admin/refinance/partners]" time="0.211" /><testcase classname="backend.tests.test_refinance_lead_referral" name="test_deleted_admin_pages_have_no_ui[/admin/refinance/rates]" time="0.194" /><testcase classname="backend.tests.test_refinance_lead_referral" name="test_deleted_admin_pages_have_no_ui[/admin/refinance/analytics]" time="0.193" /><testcase classname="backend.tests.test_refinance_lead_referral" name="test_deleted_admin_pages_have_no_ui[/admin/refinance/settings]" time="0.232" /><testcase classname="backend.tests.test_refinance_lead_referral" name="test_public_pages_no_forbidden_copy[/]" time="0.628"><failure message="AssertionError: / contains forbidden pattern \bapproved\b: ['approved', 'approved']&#10;assert not ['approved', 'approved']">E   AssertionError: / contains forbidden pattern \bapproved\b: ['approved', 'approved']
    assert not ['approved', 'approved']</failure></testcase><testcase classname="backend.tests.test_refinance_lead_referral" name="test_public_pages_no_forbidden_copy[/refinance]" time="0.171" /><testcase classname="backend.tests.test_refinance_lead_referral" name="test_public_pages_no_forbidden_copy[/refinance/eligibility]" time="0.166" /><testcase classname="backend.tests.test_refinance_lead_referral" name="test_public_pages_no_forbidden_copy[/refinance/ineligible]" time="0.179" /></testsuite></testsuites>