<?xml version="1.0" encoding="utf-8"?><testsuites name="pytest tests"><testsuite name="pytest" errors="0" failures="1" skipped="0" tests="17" time="19.364" timestamp="2026-04-26T03:06:07.364739+00:00" hostname="agent-env-024be94d-042b-4f51-9ea4-47d8000edcf9"><testcase classname="backend.tests.test_iter17_dealer_journey" name="test_step1_dealer_application" time="0.855" /><testcase classname="backend.tests.test_iter17_dealer_journey" name="test_step6_add_vehicle" time="1.064"><failure message="AssertionError: 500 &#10;assert 500 in (200, 201)&#10; +  where 500 = &lt;Response [500]&gt;.status_code">backend/tests/test_iter17_dealer_journey.py:74: in test_step6_add_vehicle
    assert r.status_code in (200, 201), f"{r.status_code} {r.text[:400]}"
E   AssertionError: 500 
E   assert 500 in (200, 201)
E    +  where 500 = &lt;Response [500]&gt;.status_code</failure></testcase><testcase classname="backend.tests.test_iter17_dealer_journey" name="test_step5_onboarding_get" time="0.098" /><testcase classname="backend.tests.test_iter17_dealer_journey" name="test_step7_admin_dealer_invited" time="4.269" /><testcase classname="backend.tests.test_iter17_dealer_journey" name="test_step18_notifications_list" time="0.589" /><testcase classname="backend.tests.test_iter17_dealer_journey" name="test_step18_mark_one_read" time="0.843" /><testcase classname="backend.tests.test_iter17_dealer_journey" name="test_step18_mark_all_read" time="1.039" /><testcase classname="backend.tests.test_iter17_dealer_journey" name="test_step17_send_message" time="0.734" /><testcase classname="backend.tests.test_iter17_dealer_journey" name="test_step14_scorecard" time="0.764" /><testcase classname="backend.tests.test_iter17_dealer_journey" name="test_step19_leads" time="0.506" /><testcase classname="backend.tests.test_iter17_dealer_journey" name="test_step8_submit_offer" time="1.165" /><testcase classname="backend.tests.test_iter17_dealer_journey" name="test_step9_revise_offer" time="0.795" /><testcase classname="backend.tests.test_iter17_dealer_journey" name="test_step10_contract_upload" time="1.466" /><testcase classname="backend.tests.test_iter17_dealer_journey" name="test_step11_contract_shield_fail" time="2.915" /><testcase classname="backend.tests.test_iter17_dealer_journey" name="test_step12_contract_shield_pass" time="1.571" /><testcase classname="backend.tests.test_iter17_dealer_journey" name="test_step13_pickup_scan_invalid" time="0.443" /><testcase classname="backend.tests.test_iter17_dealer_journey" name="test_step4_set_password_endpoint_exists" time="0.145" /></testsuite></testsuites>