<?xml version="1.0" encoding="utf-8"?><testsuites name="pytest tests"><testsuite name="pytest" errors="0" failures="0" skipped="0" tests="54" time="67.730" timestamp="2026-04-26T01:26:30.173569+00:00" hostname="agent-env-024be94d-042b-4f51-9ea4-47d8000edcf9"><testcase classname="backend.tests.test_iter12_sandbox" name="test_public_route_returns_200[/]" time="0.655" /><testcase classname="backend.tests.test_iter12_sandbox" name="test_public_route_returns_200[/inventory]" time="0.351" /><testcase classname="backend.tests.test_iter12_sandbox" name="test_public_route_returns_200[/for-dealers]" time="0.496" /><testcase classname="backend.tests.test_iter12_sandbox" name="test_public_route_returns_200[/for-buyers]" time="0.365" /><testcase classname="backend.tests.test_iter12_sandbox" name="test_public_route_returns_200[/for-affiliates]" time="0.505" /><testcase classname="backend.tests.test_iter12_sandbox" name="test_public_route_returns_200[/pricing]" time="0.456" /><testcase classname="backend.tests.test_iter12_sandbox" name="test_public_route_returns_200[/contract-shield]" time="0.366" /><testcase classname="backend.tests.test_iter12_sandbox" name="test_public_route_returns_200[/dealer-application]" time="0.160" /><testcase classname="backend.tests.test_iter12_sandbox" name="test_public_route_returns_200[/auth/signin]" time="0.278" /><testcase classname="backend.tests.test_iter12_sandbox" name="test_public_route_returns_200[/dealer/signin]" time="0.148" /><testcase classname="backend.tests.test_iter12_sandbox" name="test_public_route_returns_200[/admin/signin]" time="0.323" /><testcase classname="backend.tests.test_iter12_sandbox" name="test_public_inventory" time="0.285" /><testcase classname="backend.tests.test_iter12_sandbox" name="test_public_platform_stats" time="0.275" /><testcase classname="backend.tests.test_iter12_sandbox" name="test_public_dealer_application_create_and_duplicate" time="1.048" /><testcase classname="backend.tests.test_iter12_sandbox" name="test_public_dealer_application_validation" time="0.167" /><testcase classname="backend.tests.test_iter12_sandbox" name="test_admin_get[/api/admin/buyers]" time="2.569" /><testcase classname="backend.tests.test_iter12_sandbox" name="test_admin_get[/api/admin/dealers]" time="0.356" /><testcase classname="backend.tests.test_iter12_sandbox" name="test_admin_get[/api/admin/affiliates]" time="0.341" /><testcase classname="backend.tests.test_iter12_sandbox" name="test_admin_get[/api/admin/dealers/applications]" time="0.295" /><testcase classname="backend.tests.test_iter12_sandbox" name="test_admin_get[/api/admin/dealers/invitations]" time="0.433" /><testcase classname="backend.tests.test_iter12_sandbox" name="test_admin_get[/api/admin/auctions]" time="0.302" /><testcase classname="backend.tests.test_iter12_sandbox" name="test_admin_get[/api/admin/reports/funnel]" time="0.421" /><testcase classname="backend.tests.test_iter12_sandbox" name="test_admin_get[/api/admin/reports/risk]" time="0.317" /><testcase classname="backend.tests.test_iter12_sandbox" name="test_admin_get[/api/admin/inventory/coverage-map]" time="0.277" /><testcase classname="backend.tests.test_iter12_sandbox" name="test_admin_users_create_buyer" time="1.056" /><testcase classname="backend.tests.test_iter12_sandbox" name="test_admin_dealers_invite" time="1.147" /><testcase classname="backend.tests.test_iter12_sandbox" name="test_admin_inventory_search_tool_run" time="0.431" /><testcase classname="backend.tests.test_iter12_sandbox" name="test_admin_affiliate_active_record_present" time="0.364" /><testcase classname="backend.tests.test_iter12_sandbox" name="test_dealer_get[/api/dealer/leads]" time="1.004" /><testcase classname="backend.tests.test_iter12_sandbox" name="test_dealer_get[/api/dealer/notifications]" time="0.611" /><testcase classname="backend.tests.test_iter12_sandbox" name="test_dealer_get[/api/dealer/scorecard]" time="0.816" /><testcase classname="backend.tests.test_iter12_sandbox" name="test_dealer_get[/api/dealer/inventory]" time="0.489" /><testcase classname="backend.tests.test_iter12_sandbox" name="test_dealer_invalid_creds_returns_401" time="0.280" /><testcase classname="backend.tests.test_iter12_sandbox" name="test_cron_route_authorized[affiliate-digest]" time="2.617" /><testcase classname="backend.tests.test_iter12_sandbox" name="test_cron_route_authorized[affiliates]" time="0.345" /><testcase classname="backend.tests.test_iter12_sandbox" name="test_cron_route_authorized[analytics-snapshot]" time="0.483" /><testcase classname="backend.tests.test_iter12_sandbox" name="test_cron_route_authorized[auction-close]" time="0.521" /><testcase classname="backend.tests.test_iter12_sandbox" name="test_cron_route_authorized[contract-shield]" time="0.297" /><testcase classname="backend.tests.test_iter12_sandbox" name="test_cron_route_authorized[faith-verse-rotation]" time="4.903" /><testcase classname="backend.tests.test_iter12_sandbox" name="test_cron_route_authorized[health-check]" time="0.658" /><testcase classname="backend.tests.test_iter12_sandbox" name="test_cron_route_authorized[holds]" time="0.282" /><testcase classname="backend.tests.test_iter12_sandbox" name="test_cron_route_authorized[inventory-stale-sweep]" time="0.277" /><testcase classname="backend.tests.test_iter12_sandbox" name="test_cron_route_authorized[inventory-sync-full]" time="0.430" /><testcase classname="backend.tests.test_iter12_sandbox" name="test_cron_route_authorized[inventory-sync-priority]" time="0.287" /><testcase classname="backend.tests.test_iter12_sandbox" name="test_cron_route_authorized[prequal-ibv-reminders]" time="0.283" /><testcase classname="backend.tests.test_iter12_sandbox" name="test_cron_route_authorized[prequal-message-delivery]" time="0.293" /><testcase classname="backend.tests.test_iter12_sandbox" name="test_cron_route_authorized[prequal-purge]" time="36.117" /><testcase classname="backend.tests.test_iter12_sandbox" name="test_cron_route_authorized[prequal-sla-escalation]" time="0.372" /><testcase classname="backend.tests.test_iter12_sandbox" name="test_cron_route_authorized[prequal-stale-cleanup]" time="0.286" /><testcase classname="backend.tests.test_iter12_sandbox" name="test_cron_route_authorized[sessions]" time="0.317" /><testcase classname="backend.tests.test_iter12_sandbox" name="test_cron_route_authorized[sla-check]" time="0.441" /><testcase classname="backend.tests.test_iter12_sandbox" name="test_cron_route_authorized[trust-check]" time="0.586" /><testcase classname="backend.tests.test_iter12_sandbox" name="test_cron_route_authorized[workflow-automation]" time="0.309" /><testcase classname="backend.tests.test_iter12_sandbox" name="test_cron_unauthorized_returns_401" time="0.137" /></testsuite></testsuites>