<?xml version="1.0" encoding="utf-8"?><testsuites name="pytest tests"><testsuite name="pytest" errors="0" failures="0" skipped="0" tests="56" time="26.153" timestamp="2026-04-25T01:18:27.739074+00:00" hostname="agent-env-024be94d-042b-4f51-9ea4-47d8000edcf9"><testcase classname="backend.tests.test_iter11_areas1to4.TestDealerSignIn" name="test_signin_valid_credentials_returns_200" time="0.706" /><testcase classname="backend.tests.test_iter11_areas1to4.TestDealerSignIn" name="test_signin_wrong_password_returns_401" time="0.281" /><testcase classname="backend.tests.test_iter11_areas1to4.TestDealerSignIn" name="test_signin_wrong_email_returns_401" time="0.206" /><testcase classname="backend.tests.test_iter11_areas1to4.TestDealerSignIn" name="test_signin_empty_body_returns_401" time="0.152" /><testcase classname="backend.tests.test_iter11_areas1to4.TestDealerSignIn" name="test_unauthenticated_onboarding_redirects" time="0.145" /><testcase classname="backend.tests.test_iter11_areas1to4.TestPublicDealerApplication" name="test_create_application_returns_201" time="0.790" /><testcase classname="backend.tests.test_iter11_areas1to4.TestPublicDealerApplication" name="test_create_duplicate_application_returns_409" time="0.416" /><testcase classname="backend.tests.test_iter11_areas1to4.TestPublicDealerApplication" name="test_create_application_validation_error" time="0.144" /><testcase classname="backend.tests.test_iter11_areas1to4.TestAdminDealerApplications" name="test_list_pending_applications_returns_200" time="0.279" /><testcase classname="backend.tests.test_iter11_areas1to4.TestAdminDealerApplications" name="test_list_pending_has_application_fields" time="0.287" /><testcase classname="backend.tests.test_iter11_areas1to4.TestAdminDealerApplications" name="test_unauthenticated_applications_list_redirects" time="0.148" /><testcase classname="backend.tests.test_iter11_areas1to4.TestAdminDealerApplications" name="test_reject_dealer_application_returns_200" time="0.920" /><testcase classname="backend.tests.test_iter11_areas1to4.TestAdminDealerApplications" name="test_reject_already_reviewed_returns_409" time="0.350" /><testcase classname="backend.tests.test_iter11_areas1to4.TestAdminDealerApplications" name="test_approve_nonexistent_application_returns_404" time="0.349" /><testcase classname="backend.tests.test_iter11_areas1to4.TestDealerOnboarding" name="test_business_info_step_saves_and_returns_next_step" time="0.506" /><testcase classname="backend.tests.test_iter11_areas1to4.TestDealerOnboarding" name="test_license_step_saves_and_returns_next_step" time="0.483" /><testcase classname="backend.tests.test_iter11_areas1to4.TestDealerOnboarding" name="test_inventory_step_saves" time="0.516" /><testcase classname="backend.tests.test_iter11_areas1to4.TestDealerOnboarding" name="test_invalid_step_returns_400" time="0.361" /><testcase classname="backend.tests.test_iter11_areas1to4.TestDealerOnboarding" name="test_no_cookie_returns_401" time="0.135" /><testcase classname="backend.tests.test_iter11_areas1to4.TestAdminCreateBuyer" name="test_create_buyer_returns_201" time="1.026" /><testcase classname="backend.tests.test_iter11_areas1to4.TestAdminCreateBuyer" name="test_create_duplicate_buyer_returns_409" time="0.287" /><testcase classname="backend.tests.test_iter11_areas1to4.TestAdminCreateBuyer" name="test_create_buyer_missing_fields_returns_400" time="0.163" /><testcase classname="backend.tests.test_iter11_areas1to4.TestAdminCreateBuyer" name="test_buyer_persisted_in_db" time="0.254" /><testcase classname="backend.tests.test_iter11_areas1to4.TestAdminCreateDealer" name="test_create_dealer_returns_201" time="0.985" /><testcase classname="backend.tests.test_iter11_areas1to4.TestAdminCreateDealer" name="test_admin_created_dealer_is_active_in_db" time="0.238" /><testcase classname="backend.tests.test_iter11_areas1to4.TestAdminCreateAffiliate" name="test_create_affiliate_returns_201" time="1.106" /><testcase classname="backend.tests.test_iter11_areas1to4.TestAdminCreateAffiliate" name="test_admin_created_affiliate_has_referral_code" time="0.237" /><testcase classname="backend.tests.test_iter11_areas1to4.TestAdminCreateAffiliate" name="test_unauthenticated_create_redirects" time="0.163" /><testcase classname="backend.tests.test_iter11_areas1to4.TestAdminDealerInvite" name="test_create_invitation_returns_201" time="0.715" /><testcase classname="backend.tests.test_iter11_areas1to4.TestAdminDealerInvite" name="test_invitation_token_in_invite_url" time="0.000" /><testcase classname="backend.tests.test_iter11_areas1to4.TestAdminDealerInvite" name="test_list_invitations_returns_200" time="0.430" /><testcase classname="backend.tests.test_iter11_areas1to4.TestAdminDealerInvite" name="test_list_invitations_has_our_entry" time="0.434" /><testcase classname="backend.tests.test_iter11_areas1to4.TestAdminDealerInvite" name="test_list_invitation_has_required_fields" time="0.433" /><testcase classname="backend.tests.test_iter11_areas1to4.TestAdminDealerInvite" name="test_unauthenticated_invitations_list_redirects" time="0.152" /><testcase classname="backend.tests.test_iter11_areas1to4.TestAdminDealerInvite" name="test_resend_invitation_returns_200" time="0.926" /><testcase classname="backend.tests.test_iter11_areas1to4.TestAdminDealerInvite" name="test_cancel_invitation_returns_200" time="0.677" /><testcase classname="backend.tests.test_iter11_areas1to4.TestAdminDealerInvite" name="test_cancel_already_cancelled_returns_409" time="0.544" /><testcase classname="backend.tests.test_iter11_areas1to4.TestDealerInviteClaim" name="test_get_claim_with_valid_token_returns_200" time="1.055" /><testcase classname="backend.tests.test_iter11_areas1to4.TestDealerInviteClaim" name="test_get_claim_with_invalid_token_returns_404" time="0.319" /><testcase classname="backend.tests.test_iter11_areas1to4.TestDealerInviteClaim" name="test_get_claim_without_token_returns_400" time="0.135" /><testcase classname="backend.tests.test_iter11_areas1to4.TestDealerInviteClaim" name="test_post_claim_creates_user_and_dealer" time="1.299" /><testcase classname="backend.tests.test_iter11_areas1to4.TestDealerInviteClaim" name="test_post_claim_invitation_now_accepted" time="0.286" /><testcase classname="backend.tests.test_iter11_areas1to4.TestDealerInviteClaim" name="test_post_claim_duplicate_returns_409" time="0.286" /><testcase classname="backend.tests.test_iter11_areas1to4.TestDealerInviteClaim" name="test_claimed_dealer_persisted_in_db" time="0.690" /><testcase classname="backend.tests.test_iter11_areas1to4.TestAdminInventorySearchTool" name="test_search_with_make_toyota_returns_results" time="0.447" /><testcase classname="backend.tests.test_iter11_areas1to4.TestAdminInventorySearchTool" name="test_search_returns_source_field" time="0.442" /><testcase classname="backend.tests.test_iter11_areas1to4.TestAdminInventorySearchTool" name="test_search_with_year_filter" time="0.483" /><testcase classname="backend.tests.test_iter11_areas1to4.TestAdminInventorySearchTool" name="test_search_unauthenticated_redirects" time="0.148" /><testcase classname="backend.tests.test_iter11_areas1to4.TestAdminInventorySearchTool" name="test_add_vehicle_to_inventory_returns_201" time="0.571" /><testcase classname="backend.tests.test_iter11_areas1to4.TestAdminInventorySearchTool" name="test_add_duplicate_vin_returns_409" time="0.301" /><testcase classname="backend.tests.test_iter11_areas1to4.TestAdminInventorySearchTool" name="test_added_vehicle_in_db" time="0.236" /><testcase classname="backend.tests.test_iter11_areas1to4.TestAdminInventorySearchTool" name="test_search_shows_added_vehicle_as_already_in_inventory" time="0.428" /><testcase classname="backend.tests.test_iter11_areas1to4.TestAdminInventorySearchTool" name="test_add_vehicle_missing_required_fields_returns_400" time="0.157" /><testcase classname="backend.tests.test_iter11_areas1to4.TestPageLoads" name="test_dealer_signin_page_loads" time="0.142" /><testcase classname="backend.tests.test_iter11_areas1to4.TestPageLoads" name="test_dealer_application_page_loads" time="0.168" /><testcase classname="backend.tests.test_iter11_areas1to4.TestPageLoads" name="test_dealer_invite_claim_page_loads_without_token" time="2.448" /></testsuite></testsuites>