<?xml version="1.0" encoding="utf-8"?><testsuites name="pytest tests"><testsuite name="pytest" errors="0" failures="0" skipped="0" tests="26" time="32.549" timestamp="2026-04-26T05:08:44.893123+00:00" hostname="agent-env-49b8b0f6-a623-499c-8e9a-71a3b489ece5"><testcase classname="backend.tests.test_admin_transactions_s21.TestS1AdminBuyerTransactions" name="test_s1_01_prequal" time="3.000" /><testcase classname="backend.tests.test_admin_transactions_s21.TestS1AdminBuyerTransactions" name="test_s1_02_shortlist" time="2.127" /><testcase classname="backend.tests.test_admin_transactions_s21.TestS1AdminBuyerTransactions" name="test_s1_03_deposit_override" time="0.678" /><testcase classname="backend.tests.test_admin_transactions_s21.TestS1AdminBuyerTransactions" name="test_s1_04_create_auction" time="1.659" /><testcase classname="backend.tests.test_admin_transactions_s21.TestS1AdminBuyerTransactions" name="test_s1_05_dealer_invite" time="1.213" /><testcase classname="backend.tests.test_admin_transactions_s21.TestS1AdminBuyerTransactions" name="test_s1_06_submit_offer" time="0.759" /><testcase classname="backend.tests.test_admin_transactions_s21.TestS1AdminBuyerTransactions" name="test_s1_07_best_price_engine" time="0.983" /><testcase classname="backend.tests.test_admin_transactions_s21.TestS1AdminBuyerTransactions" name="test_s1_08_create_deal" time="1.248" /><testcase classname="backend.tests.test_admin_transactions_s21.TestS1AdminBuyerTransactions" name="test_s1_09_advance_deal_stages" time="7.797" /><testcase classname="backend.tests.test_admin_transactions_s21.TestS1AdminBuyerTransactions" name="test_s1_10_cancel_deal" time="0.959" /><testcase classname="backend.tests.test_admin_transactions_s21.TestS1AdminBuyerTransactions" name="test_s1_11_contract_shield_override" time="0.864" /><testcase classname="backend.tests.test_admin_transactions_s21.TestS1AdminBuyerTransactions" name="test_s1_12_docusign_envelope" time="0.638" /><testcase classname="backend.tests.test_admin_transactions_s21.TestS1AdminBuyerTransactions" name="test_s1_13_pickup_complete" time="1.313" /><testcase classname="backend.tests.test_admin_transactions_s21.TestS1AdminBuyerTransactions" name="test_s1_14_deposit_refund" time="1.034" /><testcase classname="backend.tests.test_admin_transactions_s21.TestS1AdminBuyerTransactions" name="test_s1_15_buyer_payment_history" time="0.718" /><testcase classname="backend.tests.test_admin_transactions_s21.TestS2AdminPaymentCollection" name="test_s2_01_create_deposit_intent" time="0.767" /><testcase classname="backend.tests.test_admin_transactions_s21.TestS2AdminPaymentCollection" name="test_s2_02_mark_deposit_paid" time="0.616" /><testcase classname="backend.tests.test_admin_transactions_s21.TestS2AdminPaymentCollection" name="test_s2_03_deposit_refund" time="1.045" /><testcase classname="backend.tests.test_admin_transactions_s21.TestS2AdminPaymentCollection" name="test_s2_04_fee_check_standard" time="0.548" /><testcase classname="backend.tests.test_admin_transactions_s21.TestS2AdminPaymentCollection" name="test_s2_05_concierge_fee_intent_premium" time="0.990" /><testcase classname="backend.tests.test_admin_transactions_s21.TestS2AdminPaymentCollection" name="test_s2_06_mark_concierge_fee_paid" time="0.614" /><testcase classname="backend.tests.test_admin_transactions_s21.TestS2AdminPaymentCollection" name="test_s2_07_concierge_fee_refund" time="1.049" /><testcase classname="backend.tests.test_admin_transactions_s21.TestS2AdminPaymentCollection" name="test_s2_08_buyer_payment_history" time="0.605" /><testcase classname="backend.tests.test_admin_transactions_s21.TestS2AdminPaymentCollection" name="test_s2_09_deal_payment_history" time="0.506" /><testcase classname="backend.tests.test_admin_transactions_s21.TestS2AdminPaymentCollection" name="test_s2_10_stripe_webhook_idempotency" time="0.291" /><testcase classname="backend.tests.test_admin_transactions_s21.TestS2AdminPaymentCollection" name="test_s2_11_financial_summary" time="0.452" /></testsuite></testsuites>