<?xml version="1.0" encoding="utf-8"?><testsuites name="pytest tests"><testsuite name="pytest" errors="0" failures="0" skipped="0" tests="14" time="21.274" timestamp="2026-04-26T02:43:18.056209+00:00" hostname="agent-env-024be94d-042b-4f51-9ea4-47d8000edcf9"><testcase classname="backend.tests.test_iter16_buyer_journey" name="test_buyer_me_unauth_returns_401" time="0.263" /><testcase classname="backend.tests.test_iter16_buyer_journey" name="test_buyer_me_authed_returns_200" time="0.949" /><testcase classname="backend.tests.test_iter16_buyer_journey" name="test_step03a_profile_step1_personal" time="1.044" /><testcase classname="backend.tests.test_iter16_buyer_journey" name="test_step03b_profile_step2_address" time="0.988" /><testcase classname="backend.tests.test_iter16_buyer_journey" name="test_step03c_complete_terms_not_accepted" time="0.422" /><testcase classname="backend.tests.test_iter16_buyer_journey" name="test_step03d_complete_success" time="0.598" /><testcase classname="backend.tests.test_iter16_buyer_journey" name="test_step03e_complete_idempotent" time="0.566" /><testcase classname="backend.tests.test_iter16_buyer_journey" name="test_step07a_clear_existing_shortlist" time="2.086" /><testcase classname="backend.tests.test_iter16_buyer_journey" name="test_step07b_post_5_items_succeed" time="5.884" /><testcase classname="backend.tests.test_iter16_buyer_journey" name="test_step07c_post_6th_returns_shortlist_full" time="0.916" /><testcase classname="backend.tests.test_iter16_buyer_journey" name="test_step07d_delete_one_returns_4" time="2.050" /><testcase classname="backend.tests.test_iter16_buyer_journey" name="test_step07e_post_new_5th_succeeds" time="2.329" /><testcase classname="backend.tests.test_iter16_buyer_journey" name="test_step15_insurance_endpoint_reachable" time="0.721" /><testcase classname="backend.tests.test_iter16_buyer_journey" name="test_step16_contract_shield_etch_amount" time="2.371" /></testsuite></testsuites>