<?xml version="1.0" encoding="utf-8"?><testsuites name="pytest tests"><testsuite name="pytest" errors="0" failures="0" skipped="0" tests="17" time="6.232" timestamp="2026-04-24T06:11:51.415964+00:00" hostname="agent-env-70b222b3-88fb-4e8f-a64a-8801254baa00"><testcase classname="backend.tests.test_auth_flows_iter9.TestFlow4_UnauthProtectedRedirects" name="test_redirects_to_signin[/buyer/dashboard-/auth/signin]" time="0.231" /><testcase classname="backend.tests.test_auth_flows_iter9.TestFlow4_UnauthProtectedRedirects" name="test_redirects_to_signin[/buyer/profile-/auth/signin]" time="0.119" /><testcase classname="backend.tests.test_auth_flows_iter9.TestFlow4_UnauthProtectedRedirects" name="test_redirects_to_signin[/buyer/auctions-/auth/signin]" time="0.160" /><testcase classname="backend.tests.test_auth_flows_iter9.TestFlow4_UnauthProtectedRedirects" name="test_redirects_to_signin[/affiliate/portal/dashboard-/auth/signin]" time="0.111" /><testcase classname="backend.tests.test_auth_flows_iter9.TestFlow4_UnauthProtectedRedirects" name="test_redirects_to_signin[/dealer/dashboard-/auth/signin]" time="0.117" /><testcase classname="backend.tests.test_auth_flows_iter9.TestFlow4_UnauthProtectedRedirects" name="test_redirects_to_signin[/admin/dashboard-/admin/auth/signin]" time="0.110" /><testcase classname="backend.tests.test_auth_flows_iter9.TestFlow3_SessionExpiry" name="test_invalid_cookie_redirects_to_signin" time="0.108" /><testcase classname="backend.tests.test_auth_flows_iter9.TestFlow5_AdminMfa" name="test_admin_signin_returns_mfa_flag" time="0.933" /><testcase classname="backend.tests.test_auth_flows_iter9.TestFlow5_AdminMfa" name="test_admin_signin_bad_password" time="0.630" /><testcase classname="backend.tests.test_auth_flows_iter9.TestFlow5_AdminMfa" name="test_admin_dashboard_blocked_without_mfa" time="0.728" /><testcase classname="backend.tests.test_auth_flows_iter9.TestFlow6_AffiliateRegister" name="test_missing_ftc_disclosure_returns_400" time="0.203" /><testcase classname="backend.tests.test_auth_flows_iter9.TestFlow6_AffiliateRegister" name="test_valid_payload_returns_201_and_referral_code" time="1.272" /><testcase classname="backend.tests.test_auth_flows_iter9.TestFlow6_AffiliateRegister" name="test_duplicate_email_returns_409" time="0.274" /><testcase classname="backend.tests.test_auth_flows_iter9.TestFlow6_AffiliateRegister" name="test_preexisting_manual_email_also_409" time="0.302" /><testcase classname="backend.tests.test_auth_flows_iter9.TestFlow1_2_BuyerAuth_ServerActions" name="test_signin_page_renders" time="0.300" /><testcase classname="backend.tests.test_auth_flows_iter9.TestFlow1_2_BuyerAuth_ServerActions" name="test_signup_page_renders" time="0.267" /><testcase classname="backend.tests.test_auth_flows_iter9.TestFlow1_2_BuyerAuth_ServerActions" name="test_signin_page_reads_redirect_query" time="0.266" /></testsuite></testsuites>