<?xml version="1.0" encoding="utf-8"?><testsuites name="pytest tests"><testsuite name="pytest" errors="0" failures="0" skipped="0" tests="13" time="4.463" timestamp="2026-04-26T06:29:00.213425+00:00" hostname="agent-env-49b8b0f6-a623-499c-8e9a-71a3b489ece5"><testcase classname="backend.tests.test_iter24_inventory_geo.TestFix2Images" name="test_no_yellow_mercedes_in_first_page" time="0.339" /><testcase classname="backend.tests.test_iter24_inventory_geo.TestFix2Images" name="test_image_hosts_are_allowed" time="0.233" /><testcase classname="backend.tests.test_iter24_inventory_geo.TestFix2Images" name="test_all_items_have_at_least_one_image" time="0.231" /><testcase classname="backend.tests.test_iter24_inventory_geo.TestFix3Search" name="test_search_q_filter" time="0.231" /><testcase classname="backend.tests.test_iter24_inventory_geo.TestFix3Search" name="test_search_make_filter" time="0.237" /><testcase classname="backend.tests.test_iter24_inventory_geo.TestFix3Search" name="test_zip_geo_search_30309" time="0.237" /><testcase classname="backend.tests.test_iter24_inventory_geo.TestFix3Search" name="test_geocode_reverse" time="0.104" /><testcase classname="backend.tests.test_iter24_inventory_geo.TestFix3Search" name="test_pagination_works" time="0.458" /><testcase classname="backend.tests.test_iter24_inventory_geo.TestFix3Search" name="test_no_duplicate_ids_on_page" time="0.229" /><testcase classname="backend.tests.test_iter24_inventory_geo.TestFix5Coords" name="test_at_least_some_items_have_coordinates" time="0.956" /><testcase classname="backend.tests.test_iter24_inventory_geo.TestFix5Coords" name="test_distance_one_decimal_when_geo_query" time="0.226" /><testcase classname="backend.tests.test_iter24_inventory_geo.TestFix5BuyerSearch" name="test_buyer_search_with_zip" time="0.248" /><testcase classname="backend.tests.test_iter24_inventory_geo.TestFix4Detail" name="test_detail_endpoint" time="0.645" /></testsuite></testsuites>