<?xml version="1.0" encoding="utf-8"?><testsuites name="pytest tests"><testsuite name="pytest" errors="0" failures="0" skipped="0" tests="17" time="19.143" timestamp="2026-04-26T03:17:52.873900+00:00" hostname="agent-env-024be94d-042b-4f51-9ea4-47d8000edcf9"><testcase classname="test_iter17_dealer_journey" name="test_step1_dealer_application" time="0.877" /><testcase classname="test_iter17_dealer_journey" name="test_step6_add_vehicle" time="1.499" /><testcase classname="test_iter17_dealer_journey" name="test_step5_onboarding_get" time="0.082" /><testcase classname="test_iter17_dealer_journey" name="test_step7_admin_dealer_invited" time="4.363" /><testcase classname="test_iter17_dealer_journey" name="test_step18_notifications_list" time="0.613" /><testcase classname="test_iter17_dealer_journey" name="test_step18_mark_one_read" time="0.874" /><testcase classname="test_iter17_dealer_journey" name="test_step18_mark_all_read" time="1.058" /><testcase classname="test_iter17_dealer_journey" name="test_step17_send_message" time="0.755" /><testcase classname="test_iter17_dealer_journey" name="test_step14_scorecard" time="0.737" /><testcase classname="test_iter17_dealer_journey" name="test_step19_leads" time="0.504" /><testcase classname="test_iter17_dealer_journey" name="test_step8_submit_offer" time="1.173" /><testcase classname="test_iter17_dealer_journey" name="test_step9_revise_offer" time="0.227" /><testcase classname="test_iter17_dealer_journey" name="test_step10_contract_upload" time="1.324" /><testcase classname="test_iter17_dealer_journey" name="test_step11_contract_shield_fail" time="2.781" /><testcase classname="test_iter17_dealer_journey" name="test_step12_contract_shield_pass" time="1.616" /><testcase classname="test_iter17_dealer_journey" name="test_step13_pickup_scan_invalid" time="0.451" /><testcase classname="test_iter17_dealer_journey" name="test_step4_set_password_endpoint_exists" time="0.146" /></testsuite></testsuites>