<?xml version="1.0" encoding="utf-8"?><testsuites name="pytest tests"><testsuite name="pytest" errors="0" failures="0" skipped="0" tests="20" time="21.632" timestamp="2026-04-26T05:59:30.146230+00:00" hostname="agent-env-49b8b0f6-a623-499c-8e9a-71a3b489ece5"><testcase classname="test_admin_inventory_iter22.TestUnauth" name="test_list_unauth" time="0.223" /><testcase classname="test_admin_inventory_iter22.TestUnauth" name="test_create_unauth" time="0.139" /><testcase classname="test_admin_inventory_iter22.TestUnauth" name="test_template_unauth" time="0.176" /><testcase classname="test_admin_inventory_iter22.TestUnauth" name="test_bulk_unauth" time="0.166" /><testcase classname="test_admin_inventory_iter22.TestUnauth" name="test_history_unauth" time="0.222" /><testcase classname="test_admin_inventory_iter22.TestList" name="test_list_default" time="2.443" /><testcase classname="test_admin_inventory_iter22.TestList" name="test_list_filter_source" time="0.229" /><testcase classname="test_admin_inventory_iter22.TestList" name="test_list_filter_status_active" time="0.230" /><testcase classname="test_admin_inventory_iter22.TestCreate" name="test_create_valid" time="1.150" /><testcase classname="test_admin_inventory_iter22.TestCreate" name="test_create_invalid_year" time="0.086" /><testcase classname="test_admin_inventory_iter22.TestCreate" name="test_create_duplicate_vin" time="0.771" /><testcase classname="test_admin_inventory_iter22.TestTemplate" name="test_template_csv" time="0.080" /><testcase classname="test_admin_inventory_iter22.TestBulk" name="test_bulk_upload_3_valid_2_invalid" time="0.853" /><testcase classname="test_admin_inventory_iter22.TestBulk" name="test_history_lists_batch" time="0.239" /><testcase classname="test_admin_inventory_iter22.TestUpdate" name="test_patch_partial" time="1.222" /><testcase classname="test_admin_inventory_iter22.TestUpdate" name="test_patch_unknown_id" time="0.231" /><testcase classname="test_admin_inventory_iter22.TestUpdate" name="test_deactivate_then_reactivate" time="2.534" /><testcase classname="test_admin_inventory_iter22.TestUpdate" name="test_delete_requires_confirmation" time="1.316" /><testcase classname="test_admin_inventory_iter22.TestImageUpload" name="test_image_upload" time="0.874" /><testcase classname="test_admin_inventory_iter22.TestBuyerSearch" name="test_manual_item_visible_in_buyer_search" time="8.377" /></testsuite></testsuites>