<?xml version="1.0" encoding="utf-8"?><testsuites name="pytest tests"><testsuite name="pytest" errors="0" failures="3" skipped="0" tests="36" time="18.650" timestamp="2026-04-24T01:56:03.844565+00:00" hostname="agent-env-38dbada7-b53b-44ea-984b-33e4bfe8886d"><testcase classname="tests.test_autolenis_v3.TestPublicPages" name="test_homepage_loads" time="0.631" /><testcase classname="tests.test_autolenis_v3.TestPublicPages" name="test_for_buyers_page" time="0.865" /><testcase classname="tests.test_autolenis_v3.TestPublicPages" name="test_for_dealers_page" time="0.976" /><testcase classname="tests.test_autolenis_v3.TestPublicPages" name="test_for_affiliates_page" time="0.889" /><testcase classname="tests.test_autolenis_v3.TestPublicPages" name="test_pricing_page" time="0.539" /><testcase classname="tests.test_autolenis_v3.TestPublicPages" name="test_trust_page" time="0.553" /><testcase classname="tests.test_autolenis_v3.TestPublicPages" name="test_inventory_page" time="0.827" /><testcase classname="tests.test_autolenis_v3.TestPublicPages" name="test_dealer_signin_page" time="1.013" /><testcase classname="tests.test_autolenis_v3.TestPublicPages" name="test_affiliate_register_page" time="0.250" /><testcase classname="tests.test_autolenis_v3.TestInventoryAPI" name="test_inventory_api_returns_success" time="0.392" /><testcase classname="tests.test_autolenis_v3.TestInventoryAPI" name="test_inventory_api_returns_items" time="0.314" /><testcase classname="tests.test_autolenis_v3.TestInventoryAPI" name="test_inventory_api_has_6_seeded_items" time="0.289" /><testcase classname="tests.test_autolenis_v3.TestInventoryAPI" name="test_inventory_api_items_have_lane_field" time="0.294" /><testcase classname="tests.test_autolenis_v3.TestInventoryAPI" name="test_inventory_api_lane_filter_lane_1" time="0.374" /><testcase classname="tests.test_autolenis_v3.TestInventoryAPI" name="test_inventory_api_lane_filter_lane_2" time="0.326" /><testcase classname="tests.test_autolenis_v3.TestInventoryAPI" name="test_inventory_api_lane_filter_lane_3" time="0.296" /><testcase classname="tests.test_autolenis_v3.TestInventoryAPI" name="test_inventory_api_pagination_structure" time="0.345" /><testcase classname="tests.test_autolenis_v3.TestInventoryAPI" name="test_inventory_api_search_query" time="0.350" /><testcase classname="tests.test_autolenis_v3.TestInventoryAPI" name="test_inventory_api_price_filter" time="0.341" /><testcase classname="tests.test_autolenis_v3.TestVehicleDetailAPI" name="test_vehicle_detail_returns_success" time="1.281" /><testcase classname="tests.test_autolenis_v3.TestVehicleDetailAPI" name="test_vehicle_detail_has_required_fields" time="0.698" /><testcase classname="tests.test_autolenis_v3.TestVehicleDetailAPI" name="test_vehicle_detail_invalid_id_returns_404" time="0.310" /><testcase classname="tests.test_autolenis_v3.TestVehicleDetailAPI" name="test_vehicle_detail_page_renders" time="1.506" /><testcase classname="tests.test_autolenis_v3.TestPublicContactFeedbackAPI" name="test_feedback_post_no_csrf_returns_not_403" time="0.351" /><testcase classname="tests.test_autolenis_v3.TestPublicContactFeedbackAPI" name="test_contact_post_no_csrf_returns_not_403" time="0.280" /><testcase classname="tests.test_autolenis_v3.TestAdminRefinanceRates" name="test_admin_refinance_rates_redirects_when_unauthenticated" time="0.118" /><testcase classname="tests.test_autolenis_v3.TestAdminRefinanceRates" name="test_admin_refinance_rates_api_requires_auth" time="0.511" /><testcase classname="tests.test_autolenis_v3.TestPageContent" name="test_homepage_has_dark_theme_and_green_cta" time="0.598" /><testcase classname="tests.test_autolenis_v3.TestPageContent" name="test_for_buyers_has_comparison_section" time="0.433" /><testcase classname="tests.test_autolenis_v3.TestPageContent" name="test_for_affiliates_has_commission_structure" time="0.494" /><testcase classname="tests.test_autolenis_v3.TestPageContent" name="test_pricing_has_two_cards" time="0.703" /><testcase classname="tests.test_autolenis_v3.TestPageContent" name="test_trust_has_six_pillars" time="0.203" /><testcase classname="tests.test_autolenis_v3.TestPageContent" name="test_dealer_signin_has_form_elements" time="0.207"><failure message="AssertionError: Dealer signin page missing form data-testid&#10;assert 'dealer-signin-form' in '&lt;!DOCTYPE html&gt;&lt;html lang=&quot;en&quot;&gt;&lt;head&gt;&lt;meta charSet=&quot;utf-8&quot;/&gt;&lt;meta name=&quot;viewport&quot; content=&quot;width=device-width, initial-scale=1&quot;/&gt;&lt;link rel=&quot;stylesheet&quot; href=&quot;/_next/static/chunks/%5Broot-of-the-server%5D__10qzovg._.css&quot; data-precedence=&quot;next_static/chunks/[root-of-the-server]__10qzovg._.css&quot;/&gt;&lt;link rel=&quot;preload&quot; as=&quot;script&quot; fetchPriority=&quot;low&quot; href=&quot;/_next/static/chunks/%5Bturbopack%5D_browser_dev_hmr-client_hmr-client_ts_10z625~._.js&quot;/&gt;&lt;script src=&quot;/_next/static/chunks/node_modules_next_dist_compiled_next-devtools_index_0553esy.js&quot; async=&quot;&quot;&gt;&lt;/script&gt;&lt;script src=&quot;/_next/static/chunks/node_modules_next_dist_compiled_react-dom_058-ah~._.js&quot; async=&quot;&quot;&gt;&lt;/script&gt;&lt;script src=&quot;/_next/static/chunks/node_modules_next_dist_compiled_react-server-dom-turbopack_0p3wegg._.js&quot; async=&quot;&quot;&gt;&lt;/script&gt;&lt;script src=&quot;/_next/static/chunks/node_modules_next_dist_compiled_0rpq4pf._.js&quot; async=&quot;&quot;&gt;&lt;/script&gt;&lt;script src=&quot;/_next/static/chunks/node_modules_next_dist_client_0fhqo1d._.js&quot; async=&quot;&quot;&gt;&lt;/script&gt;&lt;script src=&quot;/_next/static/chunks/node_modules_next_dist_115brz8._.js&quot; async=&quot;&quot;&gt;&lt;/script&gt;&lt;script src=&quot;/_next/static/chunks/node_modules_%40swc_helpers_cjs_0-4ujiy._.js&quot; async=&quot;&quot;&gt;&lt;/script&gt;&lt;script src=&quot;/_next/static...$\\&quot;,\\&quot;meta\\&quot;,\\&quot;1\\&quot;,{\\&quot;name\\&quot;:\\&quot;description\\&quot;,\\&quot;content\\&quot;:\\&quot;AutoLenis is a premium automotive fintech concierge platform. Skip the negotiation — let dealers compete for your business.\\&quot;},\\&quot;$7b\\&quot;,\\&quot;$ab\\&quot;,0]]\\n&quot;])&lt;/script&gt;&lt;script&gt;(function(){function c(){var b=a.contentDocument||a.contentWindow.document;if(b){var d=b.createElement(\'script\');d.innerHTML=&quot;window.__CF$cv$params={r:\'9f117db2d962071e\',t:\'MTc3Njk5NTc4MQ==\'};var a=document.createElement(\'script\');a.src=\'/cdn-cgi/challenge-platform/scripts/jsd/main.js\';document.getElementsByTagName(\'head\')[0].appendChild(a);&quot;;b.getElementsByTagName(\'head\')[0].appendChild(d)}}if(document.body){var a=document.createElement(\'iframe\');a.height=1;a.width=1;a.style.position=\'absolute\';a.style.top=0;a.style.left=0;a.style.border=\'none\';a.style.visibility=\'hidden\';document.body.appendChild(a);if(\'loading\'!==document.readyState)c();else if(window.addEventListener)document.addEventListener(\'DOMContentLoaded\',c);else{var e=document.onreadystatechange||function(){};document.onreadystatechange=function(b){e(b);\'loading\'!==document.readyState&amp;&amp;(document.onreadystatechange=e,c())}}}})();&lt;/script&gt;&lt;/body&gt;&lt;/html&gt;'">tests/test_autolenis_v3.py:270: in test_dealer_signin_has_form_elements
    assert "dealer-signin-form" in html, "Dealer signin page missing form data-testid"
E   AssertionError: Dealer signin page missing form data-testid
E   assert 'dealer-signin-form' in '&lt;!DOCTYPE html&gt;&lt;html lang="en"&gt;&lt;head&gt;&lt;meta charSet="utf-8"/&gt;&lt;meta name="viewport" content="width=device-width, initial-scale=1"/&gt;&lt;link rel="stylesheet" href="/_next/static/chunks/%5Broot-of-the-server%5D__10qzovg._.css" data-precedence="next_static/chunks/[root-of-the-server]__10qzovg._.css"/&gt;&lt;link rel="preload" as="script" fetchPriority="low" href="/_next/static/chunks/%5Bturbopack%5D_browser_dev_hmr-client_hmr-client_ts_10z625~._.js"/&gt;&lt;script src="/_next/static/chunks/node_modules_next_dist_compiled_next-devtools_index_0553esy.js" async=""&gt;&lt;/script&gt;&lt;script src="/_next/static/chunks/node_modules_next_dist_compiled_react-dom_058-ah~._.js" async=""&gt;&lt;/script&gt;&lt;script src="/_next/static/chunks/node_modules_next_dist_compiled_react-server-dom-turbopack_0p3wegg._.js" async=""&gt;&lt;/script&gt;&lt;script src="/_next/static/chunks/node_modules_next_dist_compiled_0rpq4pf._.js" async=""&gt;&lt;/script&gt;&lt;script src="/_next/static/chunks/node_modules_next_dist_client_0fhqo1d._.js" async=""&gt;&lt;/script&gt;&lt;script src="/_next/static/chunks/node_modules_next_dist_115brz8._.js" async=""&gt;&lt;/script&gt;&lt;script src="/_next/static/chunks/node_modules_%40swc_helpers_cjs_0-4ujiy._.js" async=""&gt;&lt;/script&gt;&lt;script src="/_next/static...$\\",\\"meta\\",\\"1\\",{\\"name\\":\\"description\\",\\"content\\":\\"AutoLenis is a premium automotive fintech concierge platform. Skip the negotiation — let dealers compete for your business.\\"},\\"$7b\\",\\"$ab\\",0]]\\n"])&lt;/script&gt;&lt;script&gt;(function(){function c(){var b=a.contentDocument||a.contentWindow.document;if(b){var d=b.createElement(\'script\');d.innerHTML="window.__CF$cv$params={r:\'9f117db2d962071e\',t:\'MTc3Njk5NTc4MQ==\'};var a=document.createElement(\'script\');a.src=\'/cdn-cgi/challenge-platform/scripts/jsd/main.js\';document.getElementsByTagName(\'head\')[0].appendChild(a);";b.getElementsByTagName(\'head\')[0].appendChild(d)}}if(document.body){var a=document.createElement(\'iframe\');a.height=1;a.width=1;a.style.position=\'absolute\';a.style.top=0;a.style.left=0;a.style.border=\'none\';a.style.visibility=\'hidden\';document.body.appendChild(a);if(\'loading\'!==document.readyState)c();else if(window.addEventListener)document.addEventListener(\'DOMContentLoaded\',c);else{var e=document.onreadystatechange||function(){};document.onreadystatechange=function(b){e(b);\'loading\'!==document.readyState&amp;&amp;(document.onreadystatechange=e,c())}}}})();&lt;/script&gt;&lt;/body&gt;&lt;/html&gt;'</failure></testcase><testcase classname="tests.test_autolenis_v3.TestPageContent" name="test_affiliate_register_has_ftc_checkbox" time="0.226"><failure message="AssertionError: Affiliate register page missing FTC disclosure checkbox&#10;assert ('ftc-disclosure-checkbox' in '&lt;!DOCTYPE html&gt;&lt;html lang=&quot;en&quot;&gt;&lt;head&gt;&lt;meta charSet=&quot;utf-8&quot;/&gt;&lt;meta name=&quot;viewport&quot; content=&quot;width=device-width, initial-scale=1&quot;/&gt;&lt;link rel=&quot;stylesheet&quot; href=&quot;/_next/static/chunks/%5Broot-of-the-server%5D__10qzovg._.css&quot; data-precedence=&quot;next_static/chunks/[root-of-the-server]__10qzovg._.css&quot;/&gt;&lt;link rel=&quot;preload&quot; as=&quot;script&quot; fetchPriority=&quot;low&quot; href=&quot;/_next/static/chunks/%5Bturbopack%5D_browser_dev_hmr-client_hmr-client_ts_10z625~._.js&quot;/&gt;&lt;script src=&quot;/_next/static/chunks/node_modules_next_dist_compiled_next-devtools_index_0553esy.js&quot; async=&quot;&quot;&gt;&lt;/script&gt;&lt;script src=&quot;/_next/static/chunks/node_modules_next_dist_compiled_react-dom_058-ah~._.js&quot; async=&quot;&quot;&gt;&lt;/script&gt;&lt;script src=&quot;/_next/static/chunks/node_modules_next_dist_compiled_react-server-dom-turbopack_0p3wegg._.js&quot; async=&quot;&quot;&gt;&lt;/script&gt;&lt;script src=&quot;/_next/static/chunks/node_modules_next_dist_compiled_0rpq4pf._.js&quot; async=&quot;&quot;&gt;&lt;/script&gt;&lt;script src=&quot;/_next/static/chunks/node_modules_next_dist_client_0fhqo1d._.js&quot; async=&quot;&quot;&gt;&lt;/script&gt;&lt;script src=&quot;/_next/static/chunks/node_modules_next_dist_115brz8._.js&quot; async=&quot;&quot;&gt;&lt;/script&gt;&lt;script src=&quot;/_next/static/chunks/node_modules_%40swc_helpers_cjs_0-4ujiy._.js&quot; async=&quot;&quot;&gt;&lt;/script&gt;&lt;script src=&quot;/_next/static...$\\&quot;,\\&quot;meta\\&quot;,\\&quot;1\\&quot;,{\\&quot;name\\&quot;:\\&quot;description\\&quot;,\\&quot;content\\&quot;:\\&quot;AutoLenis is a premium automotive fintech concierge platform. Skip the negotiation — let dealers compete for your business.\\&quot;},\\&quot;$7b\\&quot;,\\&quot;$ab\\&quot;,0]]\\n&quot;])&lt;/script&gt;&lt;script&gt;(function(){function c(){var b=a.contentDocument||a.contentWindow.document;if(b){var d=b.createElement(\'script\');d.innerHTML=&quot;window.__CF$cv$params={r:\'9f117db45f681b6a\',t:\'MTc3Njk5NTc4MQ==\'};var a=document.createElement(\'script\');a.src=\'/cdn-cgi/challenge-platform/scripts/jsd/main.js\';document.getElementsByTagName(\'head\')[0].appendChild(a);&quot;;b.getElementsByTagName(\'head\')[0].appendChild(d)}}if(document.body){var a=document.createElement(\'iframe\');a.height=1;a.width=1;a.style.position=\'absolute\';a.style.top=0;a.style.left=0;a.style.border=\'none\';a.style.visibility=\'hidden\';document.body.appendChild(a);if(\'loading\'!==document.readyState)c();else if(window.addEventListener)document.addEventListener(\'DOMContentLoaded\',c);else{var e=document.onreadystatechange||function(){};document.onreadystatechange=function(b){e(b);\'loading\'!==document.readyState&amp;&amp;(document.onreadystatechange=e,c())}}}})();&lt;/script&gt;&lt;/body&gt;&lt;/html&gt;' or 'FTC' in '&lt;!DOCTYPE html&gt;&lt;html lang=&quot;en&quot;&gt;&lt;head&gt;&lt;meta charSet=&quot;utf-8&quot;/&gt;&lt;meta name=&quot;viewport&quot; content=&quot;width=device-width, initial-scale=1&quot;/&gt;&lt;link rel=&quot;stylesheet&quot; href=&quot;/_next/static/chunks/%5Broot-of-the-server%5D__10qzovg._.css&quot; data-precedence=&quot;next_static/chunks/[root-of-the-server]__10qzovg._.css&quot;/&gt;&lt;link rel=&quot;preload&quot; as=&quot;script&quot; fetchPriority=&quot;low&quot; href=&quot;/_next/static/chunks/%5Bturbopack%5D_browser_dev_hmr-client_hmr-client_ts_10z625~._.js&quot;/&gt;&lt;script src=&quot;/_next/static/chunks/node_modules_next_dist_compiled_next-devtools_index_0553esy.js&quot; async=&quot;&quot;&gt;&lt;/script&gt;&lt;script src=&quot;/_next/static/chunks/node_modules_next_dist_compiled_react-dom_058-ah~._.js&quot; async=&quot;&quot;&gt;&lt;/script&gt;&lt;script src=&quot;/_next/static/chunks/node_modules_next_dist_compiled_react-server-dom-turbopack_0p3wegg._.js&quot; async=&quot;&quot;&gt;&lt;/script&gt;&lt;script src=&quot;/_next/static/chunks/node_modules_next_dist_compiled_0rpq4pf._.js&quot; async=&quot;&quot;&gt;&lt;/script&gt;&lt;script src=&quot;/_next/static/chunks/node_modules_next_dist_client_0fhqo1d._.js&quot; async=&quot;&quot;&gt;&lt;/script&gt;&lt;script src=&quot;/_next/static/chunks/node_modules_next_dist_115brz8._.js&quot; async=&quot;&quot;&gt;&lt;/script&gt;&lt;script src=&quot;/_next/static/chunks/node_modules_%40swc_helpers_cjs_0-4ujiy._.js&quot; async=&quot;&quot;&gt;&lt;/script&gt;&lt;script src=&quot;/_next/static...$\\&quot;,\\&quot;meta\\&quot;,\\&quot;1\\&quot;,{\\&quot;name\\&quot;:\\&quot;description\\&quot;,\\&quot;content\\&quot;:\\&quot;AutoLenis is a premium automotive fintech concierge platform. Skip the negotiation — let dealers compete for your business.\\&quot;},\\&quot;$7b\\&quot;,\\&quot;$ab\\&quot;,0]]\\n&quot;])&lt;/script&gt;&lt;script&gt;(function(){function c(){var b=a.contentDocument||a.contentWindow.document;if(b){var d=b.createElement(\'script\');d.innerHTML=&quot;window.__CF$cv$params={r:\'9f117db45f681b6a\',t:\'MTc3Njk5NTc4MQ==\'};var a=document.createElement(\'script\');a.src=\'/cdn-cgi/challenge-platform/scripts/jsd/main.js\';document.getElementsByTagName(\'head\')[0].appendChild(a);&quot;;b.getElementsByTagName(\'head\')[0].appendChild(d)}}if(document.body){var a=document.createElement(\'iframe\');a.height=1;a.width=1;a.style.position=\'absolute\';a.style.top=0;a.style.left=0;a.style.border=\'none\';a.style.visibility=\'hidden\';document.body.appendChild(a);if(\'loading\'!==document.readyState)c();else if(window.addEventListener)document.addEventListener(\'DOMContentLoaded\',c);else{var e=document.onreadystatechange||function(){};document.onreadystatechange=function(b){e(b);\'loading\'!==document.readyState&amp;&amp;(document.onreadystatechange=e,c())}}}})();&lt;/script&gt;&lt;/body&gt;&lt;/html&gt;')">tests/test_autolenis_v3.py:276: in test_affiliate_register_has_ftc_checkbox
    assert "ftc-disclosure-checkbox" in html or "FTC" in html, \
E   AssertionError: Affiliate register page missing FTC disclosure checkbox
E   assert ('ftc-disclosure-checkbox' in '&lt;!DOCTYPE html&gt;&lt;html lang="en"&gt;&lt;head&gt;&lt;meta charSet="utf-8"/&gt;&lt;meta name="viewport" content="width=device-width, initial-scale=1"/&gt;&lt;link rel="stylesheet" href="/_next/static/chunks/%5Broot-of-the-server%5D__10qzovg._.css" data-precedence="next_static/chunks/[root-of-the-server]__10qzovg._.css"/&gt;&lt;link rel="preload" as="script" fetchPriority="low" href="/_next/static/chunks/%5Bturbopack%5D_browser_dev_hmr-client_hmr-client_ts_10z625~._.js"/&gt;&lt;script src="/_next/static/chunks/node_modules_next_dist_compiled_next-devtools_index_0553esy.js" async=""&gt;&lt;/script&gt;&lt;script src="/_next/static/chunks/node_modules_next_dist_compiled_react-dom_058-ah~._.js" async=""&gt;&lt;/script&gt;&lt;script src="/_next/static/chunks/node_modules_next_dist_compiled_react-server-dom-turbopack_0p3wegg._.js" async=""&gt;&lt;/script&gt;&lt;script src="/_next/static/chunks/node_modules_next_dist_compiled_0rpq4pf._.js" async=""&gt;&lt;/script&gt;&lt;script src="/_next/static/chunks/node_modules_next_dist_client_0fhqo1d._.js" async=""&gt;&lt;/script&gt;&lt;script src="/_next/static/chunks/node_modules_next_dist_115brz8._.js" async=""&gt;&lt;/script&gt;&lt;script src="/_next/static/chunks/node_modules_%40swc_helpers_cjs_0-4ujiy._.js" async=""&gt;&lt;/script&gt;&lt;script src="/_next/static...$\\",\\"meta\\",\\"1\\",{\\"name\\":\\"description\\",\\"content\\":\\"AutoLenis is a premium automotive fintech concierge platform. Skip the negotiation — let dealers compete for your business.\\"},\\"$7b\\",\\"$ab\\",0]]\\n"])&lt;/script&gt;&lt;script&gt;(function(){function c(){var b=a.contentDocument||a.contentWindow.document;if(b){var d=b.createElement(\'script\');d.innerHTML="window.__CF$cv$params={r:\'9f117db45f681b6a\',t:\'MTc3Njk5NTc4MQ==\'};var a=document.createElement(\'script\');a.src=\'/cdn-cgi/challenge-platform/scripts/jsd/main.js\';document.getElementsByTagName(\'head\')[0].appendChild(a);";b.getElementsByTagName(\'head\')[0].appendChild(d)}}if(document.body){var a=document.createElement(\'iframe\');a.height=1;a.width=1;a.style.position=\'absolute\';a.style.top=0;a.style.left=0;a.style.border=\'none\';a.style.visibility=\'hidden\';document.body.appendChild(a);if(\'loading\'!==document.readyState)c();else if(window.addEventListener)document.addEventListener(\'DOMContentLoaded\',c);else{var e=document.onreadystatechange||function(){};document.onreadystatechange=function(b){e(b);\'loading\'!==document.readyState&amp;&amp;(document.onreadystatechange=e,c())}}}})();&lt;/script&gt;&lt;/body&gt;&lt;/html&gt;' or 'FTC' in '&lt;!DOCTYPE html&gt;&lt;html lang="en"&gt;&lt;head&gt;&lt;meta charSet="utf-8"/&gt;&lt;meta name="viewport" content="width=device-width, initial-scale=1"/&gt;&lt;link rel="stylesheet" href="/_next/static/chunks/%5Broot-of-the-server%5D__10qzovg._.css" data-precedence="next_static/chunks/[root-of-the-server]__10qzovg._.css"/&gt;&lt;link rel="preload" as="script" fetchPriority="low" href="/_next/static/chunks/%5Bturbopack%5D_browser_dev_hmr-client_hmr-client_ts_10z625~._.js"/&gt;&lt;script src="/_next/static/chunks/node_modules_next_dist_compiled_next-devtools_index_0553esy.js" async=""&gt;&lt;/script&gt;&lt;script src="/_next/static/chunks/node_modules_next_dist_compiled_react-dom_058-ah~._.js" async=""&gt;&lt;/script&gt;&lt;script src="/_next/static/chunks/node_modules_next_dist_compiled_react-server-dom-turbopack_0p3wegg._.js" async=""&gt;&lt;/script&gt;&lt;script src="/_next/static/chunks/node_modules_next_dist_compiled_0rpq4pf._.js" async=""&gt;&lt;/script&gt;&lt;script src="/_next/static/chunks/node_modules_next_dist_client_0fhqo1d._.js" async=""&gt;&lt;/script&gt;&lt;script src="/_next/static/chunks/node_modules_next_dist_115brz8._.js" async=""&gt;&lt;/script&gt;&lt;script src="/_next/static/chunks/node_modules_%40swc_helpers_cjs_0-4ujiy._.js" async=""&gt;&lt;/script&gt;&lt;script src="/_next/static...$\\",\\"meta\\",\\"1\\",{\\"name\\":\\"description\\",\\"content\\":\\"AutoLenis is a premium automotive fintech concierge platform. Skip the negotiation — let dealers compete for your business.\\"},\\"$7b\\",\\"$ab\\",0]]\\n"])&lt;/script&gt;&lt;script&gt;(function(){function c(){var b=a.contentDocument||a.contentWindow.document;if(b){var d=b.createElement(\'script\');d.innerHTML="window.__CF$cv$params={r:\'9f117db45f681b6a\',t:\'MTc3Njk5NTc4MQ==\'};var a=document.createElement(\'script\');a.src=\'/cdn-cgi/challenge-platform/scripts/jsd/main.js\';document.getElementsByTagName(\'head\')[0].appendChild(a);";b.getElementsByTagName(\'head\')[0].appendChild(d)}}if(document.body){var a=document.createElement(\'iframe\');a.height=1;a.width=1;a.style.position=\'absolute\';a.style.top=0;a.style.left=0;a.style.border=\'none\';a.style.visibility=\'hidden\';document.body.appendChild(a);if(\'loading\'!==document.readyState)c();else if(window.addEventListener)document.addEventListener(\'DOMContentLoaded\',c);else{var e=document.onreadystatechange||function(){};document.onreadystatechange=function(b){e(b);\'loading\'!==document.readyState&amp;&amp;(document.onreadystatechange=e,c())}}}})();&lt;/script&gt;&lt;/body&gt;&lt;/html&gt;')</failure></testcase><testcase classname="tests.test_autolenis_v3.TestPageContent" name="test_affiliate_register_has_promotion_method_dropdown" time="0.238"><failure message="AssertionError: Affiliate register page missing promotion method dropdown&#10;assert ('reg-promotion-method-select' in '&lt;!DOCTYPE html&gt;&lt;html lang=&quot;en&quot;&gt;&lt;head&gt;&lt;meta charSet=&quot;utf-8&quot;/&gt;&lt;meta name=&quot;viewport&quot; content=&quot;width=device-width, initial-scale=1&quot;/&gt;&lt;link rel=&quot;stylesheet&quot; href=&quot;/_next/static/chunks/%5Broot-of-the-server%5D__10qzovg._.css&quot; data-precedence=&quot;next_static/chunks/[root-of-the-server]__10qzovg._.css&quot;/&gt;&lt;link rel=&quot;preload&quot; as=&quot;script&quot; fetchPriority=&quot;low&quot; href=&quot;/_next/static/chunks/%5Bturbopack%5D_browser_dev_hmr-client_hmr-client_ts_10z625~._.js&quot;/&gt;&lt;script src=&quot;/_next/static/chunks/node_modules_next_dist_compiled_next-devtools_index_0553esy.js&quot; async=&quot;&quot;&gt;&lt;/script&gt;&lt;script src=&quot;/_next/static/chunks/node_modules_next_dist_compiled_react-dom_058-ah~._.js&quot; async=&quot;&quot;&gt;&lt;/script&gt;&lt;script src=&quot;/_next/static/chunks/node_modules_next_dist_compiled_react-server-dom-turbopack_0p3wegg._.js&quot; async=&quot;&quot;&gt;&lt;/script&gt;&lt;script src=&quot;/_next/static/chunks/node_modules_next_dist_compiled_0rpq4pf._.js&quot; async=&quot;&quot;&gt;&lt;/script&gt;&lt;script src=&quot;/_next/static/chunks/node_modules_next_dist_client_0fhqo1d._.js&quot; async=&quot;&quot;&gt;&lt;/script&gt;&lt;script src=&quot;/_next/static/chunks/node_modules_next_dist_115brz8._.js&quot; async=&quot;&quot;&gt;&lt;/script&gt;&lt;script src=&quot;/_next/static/chunks/node_modules_%40swc_helpers_cjs_0-4ujiy._.js&quot; async=&quot;&quot;&gt;&lt;/script&gt;&lt;script src=&quot;/_next/static...$\\&quot;,\\&quot;meta\\&quot;,\\&quot;1\\&quot;,{\\&quot;name\\&quot;:\\&quot;description\\&quot;,\\&quot;content\\&quot;:\\&quot;AutoLenis is a premium automotive fintech concierge platform. Skip the negotiation — let dealers compete for your business.\\&quot;},\\&quot;$7b\\&quot;,\\&quot;$ab\\&quot;,0]]\\n&quot;])&lt;/script&gt;&lt;script&gt;(function(){function c(){var b=a.contentDocument||a.contentWindow.document;if(b){var d=b.createElement(\'script\');d.innerHTML=&quot;window.__CF$cv$params={r:\'9f117db5a9f2d300\',t:\'MTc3Njk5NTc4Mg==\'};var a=document.createElement(\'script\');a.src=\'/cdn-cgi/challenge-platform/scripts/jsd/main.js\';document.getElementsByTagName(\'head\')[0].appendChild(a);&quot;;b.getElementsByTagName(\'head\')[0].appendChild(d)}}if(document.body){var a=document.createElement(\'iframe\');a.height=1;a.width=1;a.style.position=\'absolute\';a.style.top=0;a.style.left=0;a.style.border=\'none\';a.style.visibility=\'hidden\';document.body.appendChild(a);if(\'loading\'!==document.readyState)c();else if(window.addEventListener)document.addEventListener(\'DOMContentLoaded\',c);else{var e=document.onreadystatechange||function(){};document.onreadystatechange=function(b){e(b);\'loading\'!==document.readyState&amp;&amp;(document.onreadystatechange=e,c())}}}})();&lt;/script&gt;&lt;/body&gt;&lt;/html&gt;' or 'promotion method' in '&lt;!doctype html&gt;&lt;html lang=&quot;en&quot;&gt;&lt;head&gt;&lt;meta charset=&quot;utf-8&quot;/&gt;&lt;meta name=&quot;viewport&quot; content=&quot;width=device-width, initial-scale=1&quot;/&gt;&lt;link rel=&quot;stylesheet&quot; href=&quot;/_next/static/chunks/%5broot-of-the-server%5d__10qzovg._.css&quot; data-precedence=&quot;next_static/chunks/[root-of-the-server]__10qzovg._.css&quot;/&gt;&lt;link rel=&quot;preload&quot; as=&quot;script&quot; fetchpriority=&quot;low&quot; href=&quot;/_next/static/chunks/%5bturbopack%5d_browser_dev_hmr-client_hmr-client_ts_10z625~._.js&quot;/&gt;&lt;script src=&quot;/_next/static/chunks/node_modules_next_dist_compiled_next-devtools_index_0553esy.js&quot; async=&quot;&quot;&gt;&lt;/script&gt;&lt;script src=&quot;/_next/static/chunks/node_modules_next_dist_compiled_react-dom_058-ah~._.js&quot; async=&quot;&quot;&gt;&lt;/script&gt;&lt;script src=&quot;/_next/static/chunks/node_modules_next_dist_compiled_react-server-dom-turbopack_0p3wegg._.js&quot; async=&quot;&quot;&gt;&lt;/script&gt;&lt;script src=&quot;/_next/static/chunks/node_modules_next_dist_compiled_0rpq4pf._.js&quot; async=&quot;&quot;&gt;&lt;/script&gt;&lt;script src=&quot;/_next/static/chunks/node_modules_next_dist_client_0fhqo1d._.js&quot; async=&quot;&quot;&gt;&lt;/script&gt;&lt;script src=&quot;/_next/static/chunks/node_modules_next_dist_115brz8._.js&quot; async=&quot;&quot;&gt;&lt;/script&gt;&lt;script src=&quot;/_next/static/chunks/node_modules_%40swc_helpers_cjs_0-4ujiy._.js&quot; async=&quot;&quot;&gt;&lt;/script&gt;&lt;script src=&quot;/_next/static...$\\&quot;,\\&quot;meta\\&quot;,\\&quot;1\\&quot;,{\\&quot;name\\&quot;:\\&quot;description\\&quot;,\\&quot;content\\&quot;:\\&quot;autolenis is a premium automotive fintech concierge platform. skip the negotiation — let dealers compete for your business.\\&quot;},\\&quot;$7b\\&quot;,\\&quot;$ab\\&quot;,0]]\\n&quot;])&lt;/script&gt;&lt;script&gt;(function(){function c(){var b=a.contentdocument||a.contentwindow.document;if(b){var d=b.createelement(\'script\');d.innerhtml=&quot;window.__cf$cv$params={r:\'9f117db5a9f2d300\',t:\'mtc3njk5ntc4mg==\'};var a=document.createelement(\'script\');a.src=\'/cdn-cgi/challenge-platform/scripts/jsd/main.js\';document.getelementsbytagname(\'head\')[0].appendchild(a);&quot;;b.getelementsbytagname(\'head\')[0].appendchild(d)}}if(document.body){var a=document.createelement(\'iframe\');a.height=1;a.width=1;a.style.position=\'absolute\';a.style.top=0;a.style.left=0;a.style.border=\'none\';a.style.visibility=\'hidden\';document.body.appendchild(a);if(\'loading\'!==document.readystate)c();else if(window.addeventlistener)document.addeventlistener(\'domcontentloaded\',c);else{var e=document.onreadystatechange||function(){};document.onreadystatechange=function(b){e(b);\'loading\'!==document.readystate&amp;&amp;(document.onreadystatechange=e,c())}}}})();&lt;/script&gt;&lt;/body&gt;&lt;/html&gt;')&#10; +  where '&lt;!doctype html&gt;&lt;html lang=&quot;en&quot;&gt;&lt;head&gt;&lt;meta charset=&quot;utf-8&quot;/&gt;&lt;meta name=&quot;viewport&quot; content=&quot;width=device-width, initial-scale=1&quot;/&gt;&lt;link rel=&quot;stylesheet&quot; href=&quot;/_next/static/chunks/%5broot-of-the-server%5d__10qzovg._.css&quot; data-precedence=&quot;next_static/chunks/[root-of-the-server]__10qzovg._.css&quot;/&gt;&lt;link rel=&quot;preload&quot; as=&quot;script&quot; fetchpriority=&quot;low&quot; href=&quot;/_next/static/chunks/%5bturbopack%5d_browser_dev_hmr-client_hmr-client_ts_10z625~._.js&quot;/&gt;&lt;script src=&quot;/_next/static/chunks/node_modules_next_dist_compiled_next-devtools_index_0553esy.js&quot; async=&quot;&quot;&gt;&lt;/script&gt;&lt;script src=&quot;/_next/static/chunks/node_modules_next_dist_compiled_react-dom_058-ah~._.js&quot; async=&quot;&quot;&gt;&lt;/script&gt;&lt;script src=&quot;/_next/static/chunks/node_modules_next_dist_compiled_react-server-dom-turbopack_0p3wegg._.js&quot; async=&quot;&quot;&gt;&lt;/script&gt;&lt;script src=&quot;/_next/static/chunks/node_modules_next_dist_compiled_0rpq4pf._.js&quot; async=&quot;&quot;&gt;&lt;/script&gt;&lt;script src=&quot;/_next/static/chunks/node_modules_next_dist_client_0fhqo1d._.js&quot; async=&quot;&quot;&gt;&lt;/script&gt;&lt;script src=&quot;/_next/static/chunks/node_modules_next_dist_115brz8._.js&quot; async=&quot;&quot;&gt;&lt;/script&gt;&lt;script src=&quot;/_next/static/chunks/node_modules_%40swc_helpers_cjs_0-4ujiy._.js&quot; async=&quot;&quot;&gt;&lt;/script&gt;&lt;script src=&quot;/_next/static...$\\&quot;,\\&quot;meta\\&quot;,\\&quot;1\\&quot;,{\\&quot;name\\&quot;:\\&quot;description\\&quot;,\\&quot;content\\&quot;:\\&quot;autolenis is a premium automotive fintech concierge platform. skip the negotiation — let dealers compete for your business.\\&quot;},\\&quot;$7b\\&quot;,\\&quot;$ab\\&quot;,0]]\\n&quot;])&lt;/script&gt;&lt;script&gt;(function(){function c(){var b=a.contentdocument||a.contentwindow.document;if(b){var d=b.createelement(\'script\');d.innerhtml=&quot;window.__cf$cv$params={r:\'9f117db5a9f2d300\',t:\'mtc3njk5ntc4mg==\'};var a=document.createelement(\'script\');a.src=\'/cdn-cgi/challenge-platform/scripts/jsd/main.js\';document.getelementsbytagname(\'head\')[0].appendchild(a);&quot;;b.getelementsbytagname(\'head\')[0].appendchild(d)}}if(document.body){var a=document.createelement(\'iframe\');a.height=1;a.width=1;a.style.position=\'absolute\';a.style.top=0;a.style.left=0;a.style.border=\'none\';a.style.visibility=\'hidden\';document.body.appendchild(a);if(\'loading\'!==document.readystate)c();else if(window.addeventlistener)document.addeventlistener(\'domcontentloaded\',c);else{var e=document.onreadystatechange||function(){};document.onreadystatechange=function(b){e(b);\'loading\'!==document.readystate&amp;&amp;(document.onreadystatechange=e,c())}}}})();&lt;/script&gt;&lt;/body&gt;&lt;/html&gt;' = &lt;built-in method lower of str object at 0xaddbb2d62850&gt;()&#10; +    where &lt;built-in method lower of str object at 0xaddbb2d62850&gt; = '&lt;!DOCTYPE html&gt;&lt;html lang=&quot;en&quot;&gt;&lt;head&gt;&lt;meta charSet=&quot;utf-8&quot;/&gt;&lt;meta name=&quot;viewport&quot; content=&quot;width=device-width, initial-scale=1&quot;/&gt;&lt;link rel=&quot;stylesheet&quot; href=&quot;/_next/static/chunks/%5Broot-of-the-server%5D__10qzovg._.css&quot; data-precedence=&quot;next_static/chunks/[root-of-the-server]__10qzovg._.css&quot;/&gt;&lt;link rel=&quot;preload&quot; as=&quot;script&quot; fetchPriority=&quot;low&quot; href=&quot;/_next/static/chunks/%5Bturbopack%5D_browser_dev_hmr-client_hmr-client_ts_10z625~._.js&quot;/&gt;&lt;script src=&quot;/_next/static/chunks/node_modules_next_dist_compiled_next-devtools_index_0553esy.js&quot; async=&quot;&quot;&gt;&lt;/script&gt;&lt;script src=&quot;/_next/static/chunks/node_modules_next_dist_compiled_react-dom_058-ah~._.js&quot; async=&quot;&quot;&gt;&lt;/script&gt;&lt;script src=&quot;/_next/static/chunks/node_modules_next_dist_compiled_react-server-dom-turbopack_0p3wegg._.js&quot; async=&quot;&quot;&gt;&lt;/script&gt;&lt;script src=&quot;/_next/static/chunks/node_modules_next_dist_compiled_0rpq4pf._.js&quot; async=&quot;&quot;&gt;&lt;/script&gt;&lt;script src=&quot;/_next/static/chunks/node_modules_next_dist_client_0fhqo1d._.js&quot; async=&quot;&quot;&gt;&lt;/script&gt;&lt;script src=&quot;/_next/static/chunks/node_modules_next_dist_115brz8._.js&quot; async=&quot;&quot;&gt;&lt;/script&gt;&lt;script src=&quot;/_next/static/chunks/node_modules_%40swc_helpers_cjs_0-4ujiy._.js&quot; async=&quot;&quot;&gt;&lt;/script&gt;&lt;script src=&quot;/_next/static...$\\&quot;,\\&quot;meta\\&quot;,\\&quot;1\\&quot;,{\\&quot;name\\&quot;:\\&quot;description\\&quot;,\\&quot;content\\&quot;:\\&quot;AutoLenis is a premium automotive fintech concierge platform. Skip the negotiation — let dealers compete for your business.\\&quot;},\\&quot;$7b\\&quot;,\\&quot;$ab\\&quot;,0]]\\n&quot;])&lt;/script&gt;&lt;script&gt;(function(){function c(){var b=a.contentDocument||a.contentWindow.document;if(b){var d=b.createElement(\'script\');d.innerHTML=&quot;window.__CF$cv$params={r:\'9f117db5a9f2d300\',t:\'MTc3Njk5NTc4Mg==\'};var a=document.createElement(\'script\');a.src=\'/cdn-cgi/challenge-platform/scripts/jsd/main.js\';document.getElementsByTagName(\'head\')[0].appendChild(a);&quot;;b.getElementsByTagName(\'head\')[0].appendChild(d)}}if(document.body){var a=document.createElement(\'iframe\');a.height=1;a.width=1;a.style.position=\'absolute\';a.style.top=0;a.style.left=0;a.style.border=\'none\';a.style.visibility=\'hidden\';document.body.appendChild(a);if(\'loading\'!==document.readyState)c();else if(window.addEventListener)document.addEventListener(\'DOMContentLoaded\',c);else{var e=document.onreadystatechange||function(){};document.onreadystatechange=function(b){e(b);\'loading\'!==document.readyState&amp;&amp;(document.onreadystatechange=e,c())}}}})();&lt;/script&gt;&lt;/body&gt;&lt;/html&gt;'.lower">tests/test_autolenis_v3.py:283: in test_affiliate_register_has_promotion_method_dropdown
    assert "reg-promotion-method-select" in html or "promotion method" in html.lower(), \
E   AssertionError: Affiliate register page missing promotion method dropdown
E   assert ('reg-promotion-method-select' in '&lt;!DOCTYPE html&gt;&lt;html lang="en"&gt;&lt;head&gt;&lt;meta charSet="utf-8"/&gt;&lt;meta name="viewport" content="width=device-width, initial-scale=1"/&gt;&lt;link rel="stylesheet" href="/_next/static/chunks/%5Broot-of-the-server%5D__10qzovg._.css" data-precedence="next_static/chunks/[root-of-the-server]__10qzovg._.css"/&gt;&lt;link rel="preload" as="script" fetchPriority="low" href="/_next/static/chunks/%5Bturbopack%5D_browser_dev_hmr-client_hmr-client_ts_10z625~._.js"/&gt;&lt;script src="/_next/static/chunks/node_modules_next_dist_compiled_next-devtools_index_0553esy.js" async=""&gt;&lt;/script&gt;&lt;script src="/_next/static/chunks/node_modules_next_dist_compiled_react-dom_058-ah~._.js" async=""&gt;&lt;/script&gt;&lt;script src="/_next/static/chunks/node_modules_next_dist_compiled_react-server-dom-turbopack_0p3wegg._.js" async=""&gt;&lt;/script&gt;&lt;script src="/_next/static/chunks/node_modules_next_dist_compiled_0rpq4pf._.js" async=""&gt;&lt;/script&gt;&lt;script src="/_next/static/chunks/node_modules_next_dist_client_0fhqo1d._.js" async=""&gt;&lt;/script&gt;&lt;script src="/_next/static/chunks/node_modules_next_dist_115brz8._.js" async=""&gt;&lt;/script&gt;&lt;script src="/_next/static/chunks/node_modules_%40swc_helpers_cjs_0-4ujiy._.js" async=""&gt;&lt;/script&gt;&lt;script src="/_next/static...$\\",\\"meta\\",\\"1\\",{\\"name\\":\\"description\\",\\"content\\":\\"AutoLenis is a premium automotive fintech concierge platform. Skip the negotiation — let dealers compete for your business.\\"},\\"$7b\\",\\"$ab\\",0]]\\n"])&lt;/script&gt;&lt;script&gt;(function(){function c(){var b=a.contentDocument||a.contentWindow.document;if(b){var d=b.createElement(\'script\');d.innerHTML="window.__CF$cv$params={r:\'9f117db5a9f2d300\',t:\'MTc3Njk5NTc4Mg==\'};var a=document.createElement(\'script\');a.src=\'/cdn-cgi/challenge-platform/scripts/jsd/main.js\';document.getElementsByTagName(\'head\')[0].appendChild(a);";b.getElementsByTagName(\'head\')[0].appendChild(d)}}if(document.body){var a=document.createElement(\'iframe\');a.height=1;a.width=1;a.style.position=\'absolute\';a.style.top=0;a.style.left=0;a.style.border=\'none\';a.style.visibility=\'hidden\';document.body.appendChild(a);if(\'loading\'!==document.readyState)c();else if(window.addEventListener)document.addEventListener(\'DOMContentLoaded\',c);else{var e=document.onreadystatechange||function(){};document.onreadystatechange=function(b){e(b);\'loading\'!==document.readyState&amp;&amp;(document.onreadystatechange=e,c())}}}})();&lt;/script&gt;&lt;/body&gt;&lt;/html&gt;' or 'promotion method' in '&lt;!doctype html&gt;&lt;html lang="en"&gt;&lt;head&gt;&lt;meta charset="utf-8"/&gt;&lt;meta name="viewport" content="width=device-width, initial-scale=1"/&gt;&lt;link rel="stylesheet" href="/_next/static/chunks/%5broot-of-the-server%5d__10qzovg._.css" data-precedence="next_static/chunks/[root-of-the-server]__10qzovg._.css"/&gt;&lt;link rel="preload" as="script" fetchpriority="low" href="/_next/static/chunks/%5bturbopack%5d_browser_dev_hmr-client_hmr-client_ts_10z625~._.js"/&gt;&lt;script src="/_next/static/chunks/node_modules_next_dist_compiled_next-devtools_index_0553esy.js" async=""&gt;&lt;/script&gt;&lt;script src="/_next/static/chunks/node_modules_next_dist_compiled_react-dom_058-ah~._.js" async=""&gt;&lt;/script&gt;&lt;script src="/_next/static/chunks/node_modules_next_dist_compiled_react-server-dom-turbopack_0p3wegg._.js" async=""&gt;&lt;/script&gt;&lt;script src="/_next/static/chunks/node_modules_next_dist_compiled_0rpq4pf._.js" async=""&gt;&lt;/script&gt;&lt;script src="/_next/static/chunks/node_modules_next_dist_client_0fhqo1d._.js" async=""&gt;&lt;/script&gt;&lt;script src="/_next/static/chunks/node_modules_next_dist_115brz8._.js" async=""&gt;&lt;/script&gt;&lt;script src="/_next/static/chunks/node_modules_%40swc_helpers_cjs_0-4ujiy._.js" async=""&gt;&lt;/script&gt;&lt;script src="/_next/static...$\\",\\"meta\\",\\"1\\",{\\"name\\":\\"description\\",\\"content\\":\\"autolenis is a premium automotive fintech concierge platform. skip the negotiation — let dealers compete for your business.\\"},\\"$7b\\",\\"$ab\\",0]]\\n"])&lt;/script&gt;&lt;script&gt;(function(){function c(){var b=a.contentdocument||a.contentwindow.document;if(b){var d=b.createelement(\'script\');d.innerhtml="window.__cf$cv$params={r:\'9f117db5a9f2d300\',t:\'mtc3njk5ntc4mg==\'};var a=document.createelement(\'script\');a.src=\'/cdn-cgi/challenge-platform/scripts/jsd/main.js\';document.getelementsbytagname(\'head\')[0].appendchild(a);";b.getelementsbytagname(\'head\')[0].appendchild(d)}}if(document.body){var a=document.createelement(\'iframe\');a.height=1;a.width=1;a.style.position=\'absolute\';a.style.top=0;a.style.left=0;a.style.border=\'none\';a.style.visibility=\'hidden\';document.body.appendchild(a);if(\'loading\'!==document.readystate)c();else if(window.addeventlistener)document.addeventlistener(\'domcontentloaded\',c);else{var e=document.onreadystatechange||function(){};document.onreadystatechange=function(b){e(b);\'loading\'!==document.readystate&amp;&amp;(document.onreadystatechange=e,c())}}}})();&lt;/script&gt;&lt;/body&gt;&lt;/html&gt;')
E    +  where '&lt;!doctype html&gt;&lt;html lang="en"&gt;&lt;head&gt;&lt;meta charset="utf-8"/&gt;&lt;meta name="viewport" content="width=device-width, initial-scale=1"/&gt;&lt;link rel="stylesheet" href="/_next/static/chunks/%5broot-of-the-server%5d__10qzovg._.css" data-precedence="next_static/chunks/[root-of-the-server]__10qzovg._.css"/&gt;&lt;link rel="preload" as="script" fetchpriority="low" href="/_next/static/chunks/%5bturbopack%5d_browser_dev_hmr-client_hmr-client_ts_10z625~._.js"/&gt;&lt;script src="/_next/static/chunks/node_modules_next_dist_compiled_next-devtools_index_0553esy.js" async=""&gt;&lt;/script&gt;&lt;script src="/_next/static/chunks/node_modules_next_dist_compiled_react-dom_058-ah~._.js" async=""&gt;&lt;/script&gt;&lt;script src="/_next/static/chunks/node_modules_next_dist_compiled_react-server-dom-turbopack_0p3wegg._.js" async=""&gt;&lt;/script&gt;&lt;script src="/_next/static/chunks/node_modules_next_dist_compiled_0rpq4pf._.js" async=""&gt;&lt;/script&gt;&lt;script src="/_next/static/chunks/node_modules_next_dist_client_0fhqo1d._.js" async=""&gt;&lt;/script&gt;&lt;script src="/_next/static/chunks/node_modules_next_dist_115brz8._.js" async=""&gt;&lt;/script&gt;&lt;script src="/_next/static/chunks/node_modules_%40swc_helpers_cjs_0-4ujiy._.js" async=""&gt;&lt;/script&gt;&lt;script src="/_next/static...$\\",\\"meta\\",\\"1\\",{\\"name\\":\\"description\\",\\"content\\":\\"autolenis is a premium automotive fintech concierge platform. skip the negotiation — let dealers compete for your business.\\"},\\"$7b\\",\\"$ab\\",0]]\\n"])&lt;/script&gt;&lt;script&gt;(function(){function c(){var b=a.contentdocument||a.contentwindow.document;if(b){var d=b.createelement(\'script\');d.innerhtml="window.__cf$cv$params={r:\'9f117db5a9f2d300\',t:\'mtc3njk5ntc4mg==\'};var a=document.createelement(\'script\');a.src=\'/cdn-cgi/challenge-platform/scripts/jsd/main.js\';document.getelementsbytagname(\'head\')[0].appendchild(a);";b.getelementsbytagname(\'head\')[0].appendchild(d)}}if(document.body){var a=document.createelement(\'iframe\');a.height=1;a.width=1;a.style.position=\'absolute\';a.style.top=0;a.style.left=0;a.style.border=\'none\';a.style.visibility=\'hidden\';document.body.appendchild(a);if(\'loading\'!==document.readystate)c();else if(window.addeventlistener)document.addeventlistener(\'domcontentloaded\',c);else{var e=document.onreadystatechange||function(){};document.onreadystatechange=function(b){e(b);\'loading\'!==document.readystate&amp;&amp;(document.onreadystatechange=e,c())}}}})();&lt;/script&gt;&lt;/body&gt;&lt;/html&gt;' = &lt;built-in method lower of str object at 0xaddbb2d62850&gt;()
E    +    where &lt;built-in method lower of str object at 0xaddbb2d62850&gt; = '&lt;!DOCTYPE html&gt;&lt;html lang="en"&gt;&lt;head&gt;&lt;meta charSet="utf-8"/&gt;&lt;meta name="viewport" content="width=device-width, initial-scale=1"/&gt;&lt;link rel="stylesheet" href="/_next/static/chunks/%5Broot-of-the-server%5D__10qzovg._.css" data-precedence="next_static/chunks/[root-of-the-server]__10qzovg._.css"/&gt;&lt;link rel="preload" as="script" fetchPriority="low" href="/_next/static/chunks/%5Bturbopack%5D_browser_dev_hmr-client_hmr-client_ts_10z625~._.js"/&gt;&lt;script src="/_next/static/chunks/node_modules_next_dist_compiled_next-devtools_index_0553esy.js" async=""&gt;&lt;/script&gt;&lt;script src="/_next/static/chunks/node_modules_next_dist_compiled_react-dom_058-ah~._.js" async=""&gt;&lt;/script&gt;&lt;script src="/_next/static/chunks/node_modules_next_dist_compiled_react-server-dom-turbopack_0p3wegg._.js" async=""&gt;&lt;/script&gt;&lt;script src="/_next/static/chunks/node_modules_next_dist_compiled_0rpq4pf._.js" async=""&gt;&lt;/script&gt;&lt;script src="/_next/static/chunks/node_modules_next_dist_client_0fhqo1d._.js" async=""&gt;&lt;/script&gt;&lt;script src="/_next/static/chunks/node_modules_next_dist_115brz8._.js" async=""&gt;&lt;/script&gt;&lt;script src="/_next/static/chunks/node_modules_%40swc_helpers_cjs_0-4ujiy._.js" async=""&gt;&lt;/script&gt;&lt;script src="/_next/static...$\\",\\"meta\\",\\"1\\",{\\"name\\":\\"description\\",\\"content\\":\\"AutoLenis is a premium automotive fintech concierge platform. Skip the negotiation — let dealers compete for your business.\\"},\\"$7b\\",\\"$ab\\",0]]\\n"])&lt;/script&gt;&lt;script&gt;(function(){function c(){var b=a.contentDocument||a.contentWindow.document;if(b){var d=b.createElement(\'script\');d.innerHTML="window.__CF$cv$params={r:\'9f117db5a9f2d300\',t:\'MTc3Njk5NTc4Mg==\'};var a=document.createElement(\'script\');a.src=\'/cdn-cgi/challenge-platform/scripts/jsd/main.js\';document.getElementsByTagName(\'head\')[0].appendChild(a);";b.getElementsByTagName(\'head\')[0].appendChild(d)}}if(document.body){var a=document.createElement(\'iframe\');a.height=1;a.width=1;a.style.position=\'absolute\';a.style.top=0;a.style.left=0;a.style.border=\'none\';a.style.visibility=\'hidden\';document.body.appendChild(a);if(\'loading\'!==document.readyState)c();else if(window.addEventListener)document.addEventListener(\'DOMContentLoaded\',c);else{var e=document.onreadystatechange||function(){};document.onreadystatechange=function(b){e(b);\'loading\'!==document.readyState&amp;&amp;(document.onreadystatechange=e,c())}}}})();&lt;/script&gt;&lt;/body&gt;&lt;/html&gt;'.lower</failure></testcase><testcase classname="tests.test_autolenis_v3.TestPageContent" name="test_inventory_page_has_lane_chips" time="0.337" /></testsuite></testsuites>