<?xml version="1.0" encoding="utf-8"?><testsuites name="pytest tests"><testsuite name="pytest" errors="0" failures="0" skipped="0" tests="69" time="18.250" timestamp="2026-04-23T17:35:14.287049+00:00" hostname="agent-env-db666121-1147-44c5-b986-7f29edd2d315"><testcase classname="tests.test_autolenis.TestPublicPages" name="test_public_page_renders[/]" time="0.787" /><testcase classname="tests.test_autolenis.TestPublicPages" name="test_public_page_renders[/for-buyers]" time="0.520" /><testcase classname="tests.test_autolenis.TestPublicPages" name="test_public_page_renders[/for-affiliates]" time="0.496" /><testcase classname="tests.test_autolenis.TestPublicPages" name="test_public_page_renders[/for-dealers]" time="0.503" /><testcase classname="tests.test_autolenis.TestPublicPages" name="test_public_page_renders[/trust]" time="0.224" /><testcase classname="tests.test_autolenis.TestPublicPages" name="test_public_page_renders[/feedback]" time="0.171" /><testcase classname="tests.test_autolenis.TestPublicPages" name="test_public_page_renders[/inventory]" time="0.214" /><testcase classname="tests.test_autolenis.TestPublicPages" name="test_public_page_renders[/how-it-works]" time="0.492" /><testcase classname="tests.test_autolenis.TestPublicPages" name="test_public_page_renders[/pricing]" time="0.554" /><testcase classname="tests.test_autolenis.TestPublicPages" name="test_public_page_renders[/about]" time="0.184" /><testcase classname="tests.test_autolenis.TestPublicPages" name="test_public_page_renders[/contact]" time="0.179" /><testcase classname="tests.test_autolenis.TestPublicPages" name="test_public_page_renders[/faq]" time="0.321" /><testcase classname="tests.test_autolenis.TestPublicPages" name="test_public_page_renders[/refinance]" time="0.221" /><testcase classname="tests.test_autolenis.TestPublicPages" name="test_public_page_renders[/insurance]" time="0.200" /><testcase classname="tests.test_autolenis.TestPublicPages" name="test_public_page_renders[/contract-shield]" time="0.210" /><testcase classname="tests.test_autolenis.TestPublicPages" name="test_public_page_renders[/dealer-application]" time="0.172" /><testcase classname="tests.test_autolenis.TestPublicPages" name="test_public_page_renders[/hope]" time="0.184" /><testcase classname="tests.test_autolenis.TestPublicPages" name="test_public_page_renders[/legal/terms]" time="0.183" /><testcase classname="tests.test_autolenis.TestPublicPages" name="test_public_page_renders[/legal/privacy]" time="0.188" /><testcase classname="tests.test_autolenis.TestPublicPages" name="test_public_page_renders[/legal/affiliate-terms]" time="0.199" /><testcase classname="tests.test_autolenis.TestPublicPages" name="test_public_page_renders[/legal/cookie-policy]" time="0.188" /><testcase classname="tests.test_autolenis.TestAuthPages" name="test_signup_page" time="0.183" /><testcase classname="tests.test_autolenis.TestAuthPages" name="test_signin_page" time="0.158" /><testcase classname="tests.test_autolenis.TestAuthPages" name="test_forgot_password_page" time="0.190" /><testcase classname="tests.test_autolenis.TestAuthPages" name="test_admin_signin_page" time="0.145" /><testcase classname="tests.test_autolenis.TestAuthPages" name="test_admin_setup_mfa_page" time="0.190" /><testcase classname="tests.test_autolenis.TestAuthPages" name="test_admin_verify_mfa_page" time="0.202" /><testcase classname="tests.test_autolenis.TestBuyerPortalRedirects" name="test_buyer_page_requires_auth[/buyer/dashboard]" time="0.217" /><testcase classname="tests.test_autolenis.TestBuyerPortalRedirects" name="test_buyer_page_requires_auth[/buyer/prequal]" time="0.225" /><testcase classname="tests.test_autolenis.TestBuyerPortalRedirects" name="test_buyer_page_requires_auth[/buyer/search]" time="0.254" /><testcase classname="tests.test_autolenis.TestBuyerPortalRedirects" name="test_buyer_page_requires_auth[/buyer/shortlist]" time="0.245" /><testcase classname="tests.test_autolenis.TestBuyerPortalRedirects" name="test_buyer_page_requires_auth[/buyer/deposit]" time="0.199" /><testcase classname="tests.test_autolenis.TestBuyerPortalRedirects" name="test_buyer_page_requires_auth[/buyer/requests]" time="0.225" /><testcase classname="tests.test_autolenis.TestBuyerPortalRedirects" name="test_buyer_page_requires_auth[/buyer/requests/new]" time="0.215" /><testcase classname="tests.test_autolenis.TestBuyerPortalRedirects" name="test_buyer_page_requires_auth[/buyer/contract-shield]" time="0.309" /><testcase classname="tests.test_autolenis.TestBuyerPortalRedirects" name="test_buyer_page_requires_auth[/buyer/esign]" time="0.214" /><testcase classname="tests.test_autolenis.TestBuyerPortalRedirects" name="test_buyer_page_requires_auth[/buyer/pickup]" time="0.192" /><testcase classname="tests.test_autolenis.TestBuyerPortalRedirects" name="test_buyer_page_requires_auth[/buyer/notifications]" time="0.223" /><testcase classname="tests.test_autolenis.TestBuyerPortalRedirects" name="test_buyer_page_requires_auth[/buyer/activity]" time="0.367" /><testcase classname="tests.test_autolenis.TestBuyerPortalRedirects" name="test_buyer_page_requires_auth[/buyer/referral]" time="0.228" /><testcase classname="tests.test_autolenis.TestBuyerPortalRedirects" name="test_buyer_page_requires_auth[/buyer/deal/wallet]" time="0.227" /><testcase classname="tests.test_autolenis.TestPublicAPIs" name="test_platform_stats" time="0.353" /><testcase classname="tests.test_autolenis.TestPublicAPIs" name="test_faith_verse_homepage" time="0.433" /><testcase classname="tests.test_autolenis.TestPublicAPIs" name="test_faith_encouragement_buyer_dashboard" time="0.873" /><testcase classname="tests.test_autolenis.TestPublicAPIs" name="test_buyer_prequal_no_auth_returns_401" time="0.183" /><testcase classname="tests.test_autolenis.TestPublicAPIs" name="test_buyer_search_interpret_no_body_returns_400" time="0.155" /><testcase classname="tests.test_autolenis.TestDealerPages" name="test_dealer_signin_renders" time="0.235" /><testcase classname="tests.test_autolenis.TestDealerPages" name="test_dealer_dashboard_redirects" time="0.196" /><testcase classname="tests.test_autolenis.TestDealerPages" name="test_dealer_scorecard_renders" time="0.342" /><testcase classname="tests.test_autolenis.TestDealerPages" name="test_dealer_quick_offer_renders" time="0.297" /><testcase classname="tests.test_autolenis.TestDealerPages" name="test_dealer_contracts_upload_renders" time="0.243" /><testcase classname="tests.test_autolenis.TestDealerPages" name="test_dealer_invite_claim_renders" time="0.242" /><testcase classname="tests.test_autolenis.TestAffiliatePages" name="test_affiliate_register_renders" time="0.209" /><testcase classname="tests.test_autolenis.TestAffiliatePages" name="test_affiliate_portal_redirects" time="0.238" /><testcase classname="tests.test_autolenis.TestAffiliatePages" name="test_affiliate_compliance_renders" time="0.226" /><testcase classname="tests.test_autolenis.TestAffiliatePages" name="test_affiliate_income_calculator_renders" time="0.194" /><testcase classname="tests.test_autolenis.TestAffiliatePages" name="test_affiliate_network_renders" time="0.188" /><testcase classname="tests.test_autolenis.TestAdminPages" name="test_admin_page_redirects_to_signin[/admin/dashboard]" time="0.217" /><testcase classname="tests.test_autolenis.TestAdminPages" name="test_admin_page_redirects_to_signin[/admin/queues]" time="0.191" /><testcase classname="tests.test_autolenis.TestAdminPages" name="test_admin_page_redirects_to_signin[/admin/reports/risk]" time="0.207" /><testcase classname="tests.test_autolenis.TestAdminPages" name="test_admin_page_redirects_to_signin[/admin/reports/pipeline]" time="0.288" /><testcase classname="tests.test_autolenis.TestAdminPages" name="test_admin_page_redirects_to_signin[/admin/reports/affiliate]" time="0.226" /><testcase classname="tests.test_autolenis.TestAdminPages" name="test_admin_page_redirects_to_signin[/admin/faith-content]" time="0.235" /><testcase classname="tests.test_autolenis.TestAdminPages" name="test_admin_page_redirects_to_signin[/admin/activity]" time="0.253" /><testcase classname="tests.test_autolenis.TestAdminPages" name="test_admin_page_redirects_to_signin[/admin/contract-shield/rules]" time="0.215" /><testcase classname="tests.test_autolenis.TestSpecialBuyerPages" name="test_prequal_declined_page" time="0.200" /><testcase classname="tests.test_autolenis.TestSpecialBuyerPages" name="test_prequal_manual_preapproval_status" time="0.218" /><testcase classname="tests.test_autolenis.TestSpecialBuyerPages" name="test_buyer_inventory_notfound" time="0.260" /><testcase classname="tests.test_autolenis.TestSpecialBuyerPages" name="test_buyer_auction_offers_notfound" time="0.204" /></testsuite></testsuites>