<?xml version="1.0" encoding="utf-8"?><testsuites name="pytest tests"><testsuite name="pytest" errors="0" failures="2" skipped="0" tests="55" time="54.872" timestamp="2026-04-23T20:13:14.810548+00:00" hostname="agent-env-db666121-1147-44c5-b986-7f29edd2d315"><testcase classname="tests.test_autolenis_v2.TestPublicAPIs" name="test_platform_stats" time="0.863" /><testcase classname="tests.test_autolenis_v2.TestPublicAPIs" name="test_faith_verse_homepage" time="0.504" /><testcase classname="tests.test_autolenis_v2.TestPublicAPIs" name="test_faith_encouragement_buyer_dashboard" time="2.690" /><testcase classname="tests.test_autolenis_v2.TestPublicAPIs" name="test_public_feedback_post" time="0.122"><failure message="AssertionError: Unexpected status: 403 - {&quot;error&quot;:{&quot;code&quot;:&quot;CSRF_INVALID&quot;,&quot;message&quot;:&quot;CSRF token validation failed&quot;},&quot;correlationId&quot;:&quot;fd36ef13-c778-449b-b048-5779b329cf22&quot;}&#10;assert 403 in [200, 201, 400, 422]&#10; +  where 403 = &lt;Response [403]&gt;.status_code">tests/test_autolenis_v2.py:48: in test_public_feedback_post
    assert resp.status_code in [200, 201, 400, 422], f"Unexpected status: {resp.status_code} - {resp.text[:200]}"
E   AssertionError: Unexpected status: 403 - {"error":{"code":"CSRF_INVALID","message":"CSRF token validation failed"},"correlationId":"fd36ef13-c778-449b-b048-5779b329cf22"}
E   assert 403 in [200, 201, 400, 422]
E    +  where 403 = &lt;Response [403]&gt;.status_code</failure></testcase><testcase classname="tests.test_autolenis_v2.TestPublicAPIs" name="test_public_contact_post" time="0.133"><failure message="AssertionError: Unexpected status: 403 - {&quot;error&quot;:{&quot;code&quot;:&quot;CSRF_INVALID&quot;,&quot;message&quot;:&quot;CSRF token validation failed&quot;},&quot;correlationId&quot;:&quot;a6cc9ec0-2c8f-4f95-8237-79e2d5848416&quot;}&#10;assert 403 in [200, 201, 400, 422]&#10; +  where 403 = &lt;Response [403]&gt;.status_code">tests/test_autolenis_v2.py:56: in test_public_contact_post
    assert resp.status_code in [200, 201, 400, 422], f"Unexpected status: {resp.status_code} - {resp.text[:200]}"
E   AssertionError: Unexpected status: 403 - {"error":{"code":"CSRF_INVALID","message":"CSRF token validation failed"},"correlationId":"a6cc9ec0-2c8f-4f95-8237-79e2d5848416"}
E   assert 403 in [200, 201, 400, 422]
E    +  where 403 = &lt;Response [403]&gt;.status_code</failure></testcase><testcase classname="tests.test_autolenis_v2.TestAuthProtectedAPIs" name="test_buyer_prequal_no_auth" time="0.124" /><testcase classname="tests.test_autolenis_v2.TestAuthProtectedAPIs" name="test_affiliate_earnings_no_auth" time="1.848" /><testcase classname="tests.test_autolenis_v2.TestAuthProtectedAPIs" name="test_admin_buyers_no_cookie" time="1.567" /><testcase classname="tests.test_autolenis_v2.TestAuthProtectedAPIs" name="test_admin_queues_ofac_no_cookie" time="1.575" /><testcase classname="tests.test_autolenis_v2.TestAuthProtectedAPIs" name="test_admin_offers_rbac_no_cookie" time="1.101" /><testcase classname="tests.test_autolenis_v2.TestPublicPages" name="test_public_page_renders[/]" time="0.877" /><testcase classname="tests.test_autolenis_v2.TestPublicPages" name="test_public_page_renders[/for-buyers]" time="11.000" /><testcase classname="tests.test_autolenis_v2.TestPublicPages" name="test_public_page_renders[/for-dealers]" time="2.869" /><testcase classname="tests.test_autolenis_v2.TestPublicPages" name="test_public_page_renders[/for-affiliates]" time="2.600" /><testcase classname="tests.test_autolenis_v2.TestPublicPages" name="test_public_page_renders[/trust]" time="2.027" /><testcase classname="tests.test_autolenis_v2.TestPublicPages" name="test_public_page_renders[/hope]" time="1.235" /><testcase classname="tests.test_autolenis_v2.TestPublicPages" name="test_public_page_renders[/pricing]" time="2.699" /><testcase classname="tests.test_autolenis_v2.TestPublicPages" name="test_public_page_renders[/feedback]" time="1.664" /><testcase classname="tests.test_autolenis_v2.TestPublicPages" name="test_public_page_renders[/dealer-application]" time="1.487" /><testcase classname="tests.test_autolenis_v2.TestPublicPages" name="test_public_page_renders[/refinance]" time="1.570" /><testcase classname="tests.test_autolenis_v2.TestAuthPages" name="test_auth_signin" time="0.296" /><testcase classname="tests.test_autolenis_v2.TestAuthPages" name="test_auth_signup" time="0.203" /><testcase classname="tests.test_autolenis_v2.TestAuthPages" name="test_auth_forgot_password" time="2.715" /><testcase classname="tests.test_autolenis_v2.TestAuthPages" name="test_admin_signin" time="3.498" /><testcase classname="tests.test_autolenis_v2.TestAuthPages" name="test_admin_setup_mfa" time="1.746" /><testcase classname="tests.test_autolenis_v2.TestAuthPages" name="test_admin_verify_mfa" time="1.799" /><testcase classname="tests.test_autolenis_v2.TestAuthPages" name="test_dealer_signin" time="0.214" /><testcase classname="tests.test_autolenis_v2.TestBuyerPages" name="test_buyer_page[/buyer/dashboard]" time="0.163" /><testcase classname="tests.test_autolenis_v2.TestBuyerPages" name="test_buyer_page[/buyer/prequal/declined]" time="0.221" /><testcase classname="tests.test_autolenis_v2.TestBuyerPages" name="test_buyer_page[/buyer/deposit]" time="0.178" /><testcase classname="tests.test_autolenis_v2.TestBuyerPages" name="test_buyer_page[/buyer/deposit/success]" time="0.200" /><testcase classname="tests.test_autolenis_v2.TestBuyerPages" name="test_buyer_page[/buyer/requests]" time="0.171" /><testcase classname="tests.test_autolenis_v2.TestBuyerPages" name="test_buyer_page[/buyer/trade-in]" time="0.182" /><testcase classname="tests.test_autolenis_v2.TestBuyerPages" name="test_buyer_page[/buyer/documents]" time="0.178" /><testcase classname="tests.test_autolenis_v2.TestBuyerPages" name="test_buyer_page[/buyer/messages]" time="0.200" /><testcase classname="tests.test_autolenis_v2.TestBuyerPages" name="test_buyer_page[/buyer/onboarding]" time="0.181" /><testcase classname="tests.test_autolenis_v2.TestBuyerPages" name="test_buyer_page[/buyer/prequal/manual-preapproval/status]" time="0.195" /><testcase classname="tests.test_autolenis_v2.TestBuyerPages" name="test_buyer_inventory_test_id" time="0.198" /><testcase classname="tests.test_autolenis_v2.TestAdminPages" name="test_admin_page_redirect[/admin/dashboard]" time="0.188" /><testcase classname="tests.test_autolenis_v2.TestAdminPages" name="test_admin_page_redirect[/admin/queues]" time="0.165" /><testcase classname="tests.test_autolenis_v2.TestAdminPages" name="test_admin_page_redirect[/admin/faith-content]" time="0.175" /><testcase classname="tests.test_autolenis_v2.TestAdminPages" name="test_admin_page_redirect[/admin/reports]" time="0.194" /><testcase classname="tests.test_autolenis_v2.TestAdminPages" name="test_admin_page_redirect[/admin/seo]" time="0.164" /><testcase classname="tests.test_autolenis_v2.TestAdminPages" name="test_admin_page_redirect[/admin/refinance]" time="0.203" /><testcase classname="tests.test_autolenis_v2.TestAdminPages" name="test_admin_page_redirect[/admin/external-preapprovals]" time="0.197" /><testcase classname="tests.test_autolenis_v2.TestAdminPages" name="test_admin_page_redirect[/admin/contracts]" time="0.199" /><testcase classname="tests.test_autolenis_v2.TestAdminPages" name="test_admin_deals_notfound" time="0.180" /><testcase classname="tests.test_autolenis_v2.TestAdminPages" name="test_admin_auctions_notfound" time="0.200" /><testcase classname="tests.test_autolenis_v2.TestAffiliatePages" name="test_affiliate_register" time="0.177" /><testcase classname="tests.test_autolenis_v2.TestAffiliatePages" name="test_affiliate_portal_page[/affiliate/portal/dashboard]" time="0.201" /><testcase classname="tests.test_autolenis_v2.TestAffiliatePages" name="test_affiliate_portal_page[/affiliate/portal/compliance]" time="0.175" /><testcase classname="tests.test_autolenis_v2.TestAffiliatePages" name="test_affiliate_portal_page[/affiliate/portal/income-calculator]" time="0.186" /><testcase classname="tests.test_autolenis_v2.TestAffiliatePages" name="test_dealer_scorecard" time="0.169" /><testcase classname="tests.test_autolenis_v2.TestAffiliatePages" name="test_dealer_quick_offer" time="0.200" /><testcase classname="tests.test_autolenis_v2.TestAffiliatePages" name="test_dealer_contracts_upload" time="0.184" /></testsuite></testsuites>